[1017/215708.859:ERROR:exception_handler_server.cc(527)] ConnectNamedPipe: The pipe is being closed. (0xE8)
[1017/220930.564:ERROR:process_info.cc(359)] UncheckedAllocate
[1017/221252.258:ERROR:process_info.cc(359)] UncheckedAllocate
[1017/221422.517:ERROR:process_info.cc(359)] UncheckedAllocate
[1017/221808.501:ERROR:crashpad_client_win.cc(505)] CreateProcess: The paging file is too small for this operation to complete. (0x5AF)
[1017/221808.521:ERROR:crashpad_client_win.cc(131)] crash server failed to launch, self-terminating
[1206/193217.815:ERROR:process_memory_win.cc(73)] ReadMemory at 0x1eb800a8520 of 72 bytes failed: Only part of a ReadProcessMemory or WriteProcessMemory request was completed. (0x12B)
[1206/193217.817:WARNING:pe_image_annotations_reader.cc(134)] could not read annotations list object in C:\Program Files (x86)\Google\Chrome\Application\76.0.3809.100\chrome_child.dll
[1206/193217.888:ERROR:process_memory_win.cc(73)] ReadMemory at 0x7e2e3ed000 of 77824 bytes failed: Only part of a ReadProcessMemory or WriteProcessMemory request was completed. (0x12B)
[1206/193217.891:ERROR:process_memory_win.cc(73)] ReadMemory at 0x7e2e5fe000 of 8192 bytes failed: Only part of a ReadProcessMemory or WriteProcessMemory request was completed. (0x12B)
[1206/193217.892:ERROR:process_memory_win.cc(73)] ReadMemory at 0x7e2e7fd000 of 12288 bytes failed: Only part of a ReadProcessMemory or WriteProcessMemory request was completed. (0x12B)
[1206/193217.892:ERROR:process_memory_win.cc(73)] ReadMemory at 0x7e2e9fb000 of 20480 bytes failed: Only part of a ReadProcessMemory or WriteProcessMemory request was completed. (0x12B)
[1206/193217.892:ERROR:process_memory_win.cc(73)] ReadMemory at 0x7e2ebfd000 of 12288 bytes failed: Only part of a ReadProcessMemory or WriteProcessMemory request was completed. (0x12B)
[1206/193217.892:ERROR:process_memory_win.cc(73)] ReadMemory at 0x7e2edf7000 of 36864 bytes failed: Only part of a ReadProcessMemory or WriteProcessMemory request was completed. (0x12B)
[1206/193217.892:ERROR:process_memory_win.cc(73)] ReadMemory at 0x7e2effe000 of 8192 bytes failed: Only part of a ReadProcessMemory or WriteProcessMemory request was completed. (0x12B)
[1206/193217.893:ERROR:process_memory_win.cc(73)] ReadMemory at 0x7e2f3fe000 of 8192 bytes failed: Only part of a ReadProcessMemory or WriteProcessMemory request was completed. (0x12B)
[1206/193217.893:ERROR:process_memory_win.cc(73)] ReadMemory at 0x7e2f5ff000 of 4096 bytes failed: Only part of a ReadProcessMemory or WriteProcessMemory request was completed. (0x12B)
[1206/193217.893:ERROR:process_memory_win.cc(73)] ReadMemory at 0x7e2f1fb000 of 20480 bytes failed: Only part of a ReadProcessMemory or WriteProcessMemory request was completed. (0x12B)
[1206/193217.893:ERROR:process_memory_win.cc(73)] ReadMemory at 0x7e2f7fb000 of 20480 bytes failed: Only part of a ReadProcessMemory or WriteProcessMemory request was completed. (0x12B)
[1206/193217.893:ERROR:process_memory_win.cc(73)] ReadMemory at 0x7e2f9fa000 of 24576 bytes failed: Only part of a ReadProcessMemory or WriteProcessMemory request was completed. (0x12B)
[1206/193217.893:ERROR:process_memory_win.cc(73)] ReadMemory at 0x7e2fbfd000 of 12288 bytes failed: Only part of a ReadProcessMemory or WriteProcessMemory request was completed. (0x12B)
[1206/193217.893:ERROR:process_memory_win.cc(73)] ReadMemory at 0x7e2fdf9000 of 28672 bytes failed: Only part of a ReadProcessMemory or WriteProcessMemory request was completed. (0x12B)
[1206/193217.893:ERROR:process_memory_win.cc(73)] ReadMemory at 0x7e2fffb000 of 20480 bytes failed: Only part of a ReadProcessMemory or WriteProcessMemory request was completed. (0x12B)
[1206/193217.894:ERROR:process_memory_win.cc(73)] ReadMemory at 0x7e301fe000 of 8192 bytes failed: Only part of a ReadProcessMemory or WriteProcessMemory request was completed. (0x12B)
[1206/193217.894:ERROR:process_memory_win.cc(73)] ReadMemory at 0x7e303fd000 of 12288 bytes failed: Only part of a ReadProcessMemory or WriteProcessMemory request was completed. (0x12B)
[1206/193217.894:ERROR:process_memory_win.cc(73)] ReadMemory at 0x7e305fb000 of 20480 bytes failed: Only part of a ReadProcessMemory or WriteProcessMemory request was completed. (0x12B)
[1206/193217.895:ERROR:process_memory_win.cc(73)] ReadMemory at 0x7e2e09b000 of 852 bytes failed: Only part of a ReadProcessMemory or WriteProcessMemory request was completed. (0x12B)
[1206/193217.895:ERROR:process_memory_win.cc(73)] ReadMemory at 0x7e2e09c000 of 6024 bytes failed: Only part of a ReadProcessMemory or WriteProcessMemory request was completed. (0x12B)
[1206/193217.895:ERROR:process_memory_win.cc(73)] ReadMemory at 0x7e2e09e000 of 6024 bytes failed: Only part of a ReadProcessMemory or WriteProcessMemory request was completed. (0x12B)
[1206/193217.895:ERROR:process_memory_win.cc(73)] ReadMemory at 0x7e2e0a0000 of 6024 bytes failed: Only part of a ReadProcessMemory or WriteProcessMemory request was completed. (0x12B)
[1206/193217.895:ERROR:process_memory_win.cc(73)] ReadMemory at 0x7e2e0a2000 of 6024 bytes failed: Only part of a ReadProcessMemory or WriteProcessMemory request was completed. (0x12B)
[1206/193217.895:ERROR:process_memory_win.cc(73)] ReadMemory at 0x7e2e0a4000 of 6024 bytes failed: Only part of a ReadProcessMemory or WriteProcessMemory request was completed. (0x12B)
[1206/193217.895:ERROR:process_memory_win.cc(73)] ReadMemory at 0x7e2e0a6000 of 6024 bytes failed: Only part of a ReadProcessMemory or WriteProcessMemory request was completed. (0x12B)
[1206/193217.895:ERROR:process_memory_win.cc(73)] ReadMemory at 0x7e2e0a8000 of 6024 bytes failed: Only part of a ReadProcessMemory or WriteProcessMemory request was completed. (0x12B)
[1206/193217.895:ERROR:process_memory_win.cc(73)] ReadMemory at 0x7e2e0ac000 of 6024 bytes failed: Only part of a ReadProcessMemory or WriteProcessMemory request was completed. (0x12B)
[1206/193217.895:ERROR:process_memory_win.cc(73)] ReadMemory at 0x7e2e0ae000 of 6024 bytes failed: Only part of a ReadProcessMemory or WriteProcessMemory request was completed. (0x12B)
[1206/193217.896:ERROR:process_memory_win.cc(73)] ReadMemory at 0x7e2e0b0000 of 6024 bytes failed: Only part of a ReadProcessMemory or WriteProcessMemory request was completed. (0x12B)
[1206/193217.896:ERROR:process_memory_win.cc(73)] ReadMemory at 0x7e2e0b2000 of 6024 bytes failed: Only part of a ReadProcessMemory or WriteProcessMemory request was completed. (0x12B)
[1206/193217.896:ERROR:process_memory_win.cc(73)] ReadMemory at 0x7e2e0b4000 of 6024 bytes failed: Only part of a ReadProcessMemory or WriteProcessMemory request was completed. (0x12B)
[1206/193217.896:ERROR:process_memory_win.cc(73)] ReadMemory at 0x7e2e0b6000 of 6024 bytes failed: Only part of a ReadProcessMemory or WriteProcessMemory request was completed. (0x12B)
[1206/193217.896:ERROR:process_memory_win.cc(73)] ReadMemory at 0x7e2e0b8000 of 6024 bytes failed: Only part of a ReadProcessMemory or WriteProcessMemory request was completed. (0x12B)
[1206/193217.896:ERROR:process_memory_win.cc(73)] ReadMemory at 0x7e2e0ba000 of 6024 bytes failed: Only part of a ReadProcessMemory or WriteProcessMemory request was completed. (0x12B)
[1206/193217.896:ERROR:process_memory_win.cc(73)] ReadMemory at 0x7e2e0bc000 of 6024 bytes failed: Only part of a ReadProcessMemory or WriteProcessMemory request was completed. (0x12B)
[1206/193217.896:ERROR:process_memory_win.cc(73)] ReadMemory at 0x7e2e0be000 of 6024 bytes failed: Only part of a ReadProcessMemory or WriteProcessMemory request was completed. (0x12B)
[1206/193217.896:ERROR:process_memory_win.cc(73)] ReadMemory at 0x7e2e0c0000 of 6024 bytes failed: Only part of a ReadProcessMemory or WriteProcessMemory request was completed. (0x12B)
[1206/193217.896:ERROR:process_memory_win.cc(73)] ReadMemory at 0x1eb80090d18 of 512 bytes failed: Only part of a ReadProcessMemory or WriteProcessMemory request was completed. (0x12B)
[1206/193217.896:ERROR:process_memory_win.cc(73)] ReadMemory at 0x1eb800a89c0 of 512 bytes failed: Only part of a ReadProcessMemory or WriteProcessMemory request was completed. (0x12B)
[1206/193217.896:ERROR:process_memory_win.cc(73)] ReadMemory at 0x1eb800a8c00 of 512 bytes failed: Only part of a ReadProcessMemory or WriteProcessMemory request was completed. (0x12B)
[1206/193217.897:ERROR:process_memory_win.cc(73)] ReadMemory at 0x1eb800ddf30 of 704 bytes failed: Only part of a ReadProcessMemory or WriteProcessMemory request was completed. (0x12B)
[1206/193217.897:ERROR:process_memory_win.cc(73)] ReadMemory at 0x1eb800de350 of 512 bytes failed: Only part of a ReadProcessMemory or WriteProcessMemory request was completed. (0x12B)
[1206/193217.897:ERROR:process_memory_win.cc(73)] ReadMemory at 0x1eb8012c950 of 512 bytes failed: Only part of a ReadProcessMemory or WriteProcessMemory request was completed. (0x12B)
[1206/193217.897:ERROR:process_memory_win.cc(73)] ReadMemory at 0x1eb81ed3880 of 512 bytes failed: Only part of a ReadProcessMemory or WriteProcessMemory request was completed. (0x12B)
[1206/193217.897:ERROR:process_memory_win.cc(73)] ReadMemory at 0x1eb82040970 of 512 bytes failed: Only part of a ReadProcessMemory or WriteProcessMemory request was completed. (0x12B)
[1206/193217.897:ERROR:process_memory_win.cc(73)] ReadMemory at 0x1eb8211d040 of 512 bytes failed: Only part of a ReadProcessMemory or WriteProcessMemory request was completed. (0x12B)
[1206/193217.897:ERROR:process_memory_win.cc(73)] ReadMemory at 0x1eb82158db0 of 512 bytes failed: Only part of a ReadProcessMemory or WriteProcessMemory request was completed. (0x12B)
[1206/193217.897:ERROR:process_memory_win.cc(73)] ReadMemory at 0x1ebfe3f0e80 of 512 bytes failed: Only part of a ReadProcessMemory or WriteProcessMemory request was completed. (0x12B)
[1206/193217.897:ERROR:process_memory_win.cc(73)] ReadMemory at 0x1ebfe4b0ad0 of 512 bytes failed: Only part of a ReadProcessMemory or WriteProcessMemory request was completed. (0x12B)
[1206/193217.897:ERROR:process_memory_win.cc(73)] ReadMemory at 0x1ebfe4b0fe0 of 4198 bytes failed: Only part of a ReadProcessMemory or WriteProcessMemory request was completed. (0x12B)
[1206/193217.897:ERROR:process_memory_win.cc(73)] ReadMemory at 0x1ebfe4b2050 of 1012 bytes failed: Only part of a ReadProcessMemory or WriteProcessMemory request was completed. (0x12B)
[1206/193217.897:ERROR:process_memory_win.cc(73)] ReadMemory at 0x1ebfe4b2678 of 118 bytes failed: Only part of a ReadProcessMemory or WriteProcessMemory request was completed. (0x12B)
[1206/193217.897:ERROR:process_memory_win.cc(73)] ReadMemory at 0x1ebfe4b26f0 of 980 bytes failed: Only part of a ReadProcessMemory or WriteProcessMemory request was completed. (0x12B)
[1206/193217.897:ERROR:process_memory_win.cc(73)] ReadMemory at 0x1ebfe4b2ac6 of 118 bytes failed: Only part of a ReadProcessMemory or WriteProcessMemory request was completed. (0x12B)
[1206/193217.898:ERROR:process_memory_win.cc(73)] ReadMemory at 0x1ebfe4b2b3e of 30 bytes failed: Only part of a ReadProcessMemory or WriteProcessMemory request was completed. (0x12B)
[1206/193217.898:ERROR:process_memory_win.cc(73)] ReadMemory at 0x1ebfe4b2b70 of 58 bytes failed: Only part of a ReadProcessMemory or WriteProcessMemory request was completed. (0x12B)
[1206/193217.898:ERROR:process_memory_win.cc(73)] ReadMemory at 0x1ebfe4b2c70 of 132 bytes failed: Only part of a ReadProcessMemory or WriteProcessMemory request was completed. (0x12B)
[1206/193217.898:ERROR:process_memory_win.cc(73)] ReadMemory at 0x1ebfe4b2e00 of 132 bytes failed: Only part of a ReadProcessMemory or WriteProcessMemory request was completed. (0x12B)
[1206/193217.898:ERROR:process_memory_win.cc(73)] ReadMemory at 0x1ebfe4b2fc0 of 126 bytes failed: Only part of a ReadProcessMemory or WriteProcessMemory request was completed. (0x12B)
[1206/193217.898:ERROR:process_memory_win.cc(73)] ReadMemory at 0x1ebfe4b32b0 of 132 bytes failed: Only part of a ReadProcessMemory or WriteProcessMemory request was completed. (0x12B)
[1206/193217.898:ERROR:process_memory_win.cc(73)] ReadMemory at 0x1ebfe4b3ba0 of 132 bytes failed: Only part of a ReadProcessMemory or WriteProcessMemory request was completed. (0x12B)
[1206/193217.898:ERROR:process_memory_win.cc(73)] ReadMemory at 0x1ebfe4b3d30 of 64 bytes failed: Only part of a ReadProcessMemory or WriteProcessMemory request was completed. (0x12B)
[1206/193217.898:ERROR:process_memory_win.cc(73)] ReadMemory at 0x1ebfe4b3d80 of 132 bytes failed: Only part of a ReadProcessMemory or WriteProcessMemory request was completed. (0x12B)
[1206/193217.898:ERROR:process_memory_win.cc(73)] ReadMemory at 0x1ebfe4b4190 of 132 bytes failed: Only part of a ReadProcessMemory or WriteProcessMemory request was completed. (0x12B)
[1206/193217.898:ERROR:process_memory_win.cc(73)] ReadMemory at 0x1ebfe4b4320 of 68 bytes failed: Only part of a ReadProcessMemory or WriteProcessMemory request was completed. (0x12B)
[1206/193217.898:ERROR:process_memory_win.cc(73)] ReadMemory at 0x1ebfe4b8c60 of 132 bytes failed: Only part of a ReadProcessMemory or WriteProcessMemory request was completed. (0x12B)
[1206/193217.898:ERROR:process_memory_win.cc(73)] ReadMemory at 0x1ebfe4b8d90 of 154 bytes failed: Only part of a ReadProcessMemory or WriteProcessMemory request was completed. (0x12B)
[1206/193217.898:ERROR:process_memory_win.cc(73)] ReadMemory at 0x1ebfe4b9ee8 of 528 bytes failed: Only part of a ReadProcessMemory or WriteProcessMemory request was completed. (0x12B)
[1206/193217.898:ERROR:process_memory_win.cc(73)] ReadMemory at 0x1ebfe4bc030 of 62 bytes failed: Only part of a ReadProcessMemory or WriteProcessMemory request was completed. (0x12B)
[1206/193217.898:ERROR:process_memory_win.cc(73)] ReadMemory at 0x1ebfe4bc570 of 132 bytes failed: Only part of a ReadProcessMemory or WriteProcessMemory request was completed. (0x12B)
[1206/193217.898:ERROR:process_memory_win.cc(73)] ReadMemory at 0x1ebfe4bc6a0 of 132 bytes failed: Only part of a ReadProcessMemory or WriteProcessMemory request was completed. (0x12B)
[1206/193217.898:ERROR:process_memory_win.cc(73)] ReadMemory at 0x1ebfe4bc7e0 of 132 bytes failed: Only part of a ReadProcessMemory or WriteProcessMemory request was completed. (0x12B)
[1206/193217.898:ERROR:process_memory_win.cc(73)] ReadMemory at 0x1ebfe4bce50 of 60 bytes failed: Only part of a ReadProcessMemory or WriteProcessMemory request was completed. (0x12B)
[1206/193217.898:ERROR:process_memory_win.cc(73)] ReadMemory at 0x1ebfe4bde60 of 64 bytes failed: Only part of a ReadProcessMemory or WriteProcessMemory request was completed. (0x12B)
[1206/193217.899:ERROR:process_memory_win.cc(73)] ReadMemory at 0x1ebfe4bdfa0 of 62 bytes failed: Only part of a ReadProcessMemory or WriteProcessMemory request was completed. (0x12B)
[1206/193217.899:ERROR:process_memory_win.cc(73)] ReadMemory at 0x1ebfe4be090 of 60 bytes failed: Only part of a ReadProcessMemory or WriteProcessMemory request was completed. (0x12B)
[1206/193217.899:ERROR:process_memory_win.cc(73)] ReadMemory at 0x1ebfe4be180 of 58 bytes failed: Only part of a ReadProcessMemory or WriteProcessMemory request was completed. (0x12B)
[1206/193217.899:ERROR:process_memory_win.cc(73)] ReadMemory at 0x1ebfe4be1d0 of 60 bytes failed: Only part of a ReadProcessMemory or WriteProcessMemory request was completed. (0x12B)
[1206/193217.899:ERROR:process_memory_win.cc(73)] ReadMemory at 0x1ebfe4be220 of 60 bytes failed: Only part of a ReadProcessMemory or WriteProcessMemory request was completed. (0x12B)
[1206/193217.899:ERROR:process_memory_win.cc(73)] ReadMemory at 0x1ebfe4be270 of 66 bytes failed: Only part of a ReadProcessMemory or WriteProcessMemory request was completed. (0x12B)
[1206/193217.899:ERROR:process_memory_win.cc(73)] ReadMemory at 0x1ebfe4be2c0 of 66 bytes failed: Only part of a ReadProcessMemory or WriteProcessMemory request was completed. (0x12B)
[1206/193217.899:ERROR:process_memory_win.cc(73)] ReadMemory at 0x1ebfe4bf0b0 of 80 bytes failed: Only part of a ReadProcessMemory or WriteProcessMemory request was completed. (0x12B)
[1206/193217.899:ERROR:process_memory_win.cc(73)] ReadMemory at 0x1ebfe4bf810 of 132 bytes failed: Only part of a ReadProcessMemory or WriteProcessMemory request was completed. (0x12B)
[1206/193217.899:ERROR:process_memory_win.cc(73)] ReadMemory at 0x1ebfe4bf9e0 of 132 bytes failed: Only part of a ReadProcessMemory or WriteProcessMemory request was completed. (0x12B)
[1206/193217.899:ERROR:process_memory_win.cc(73)] ReadMemory at 0x1ebfe4bfb60 of 132 bytes failed: Only part of a ReadProcessMemory or WriteProcessMemory request was completed. (0x12B)
[1206/193217.899:ERROR:process_memory_win.cc(73)] ReadMemory at 0x1ebfe4bfc90 of 132 bytes failed: Only part of a ReadProcessMemory or WriteProcessMemory request was completed. (0x12B)
[1206/193217.899:ERROR:process_memory_win.cc(73)] ReadMemory at 0x1ebfe4bfdc0 of 132 bytes failed: Only part of a ReadProcessMemory or WriteProcessMemory request was completed. (0x12B)
[1206/193217.899:ERROR:process_memory_win.cc(73)] ReadMemory at 0x1ebfe4bfef0 of 132 bytes failed: Only part of a ReadProcessMemory or WriteProcessMemory request was completed. (0x12B)
[1206/193217.899:ERROR:process_memory_win.cc(73)] ReadMemory at 0x1ebfe4c0020 of 132 bytes failed: Only part of a ReadProcessMemory or WriteProcessMemory request was completed. (0x12B)
[1206/193217.899:ERROR:process_memory_win.cc(73)] ReadMemory at 0x1ebfe4c0150 of 132 bytes failed: Only part of a ReadProcessMemory or WriteProcessMemory request was completed. (0x12B)
[1206/193217.900:ERROR:process_memory_win.cc(73)] ReadMemory at 0x1ebfe4c0280 of 132 bytes failed: Only part of a ReadProcessMemory or WriteProcessMemory request was completed. (0x12B)
[1206/193217.900:ERROR:process_memory_win.cc(73)] ReadMemory at 0x1ebfe4c03b0 of 132 bytes failed: Only part of a ReadProcessMemory or WriteProcessMemory request was completed. (0x12B)
[1206/193217.900:ERROR:process_memory_win.cc(73)] ReadMemory at 0x1ebfe4c04e0 of 132 bytes failed: Only part of a ReadProcessMemory or WriteProcessMemory request was completed. (0x12B)
[1206/193217.900:ERROR:process_memory_win.cc(73)] ReadMemory at 0x1ebfe4c0610 of 132 bytes failed: Only part of a ReadProcessMemory or WriteProcessMemory request was completed. (0x12B)
[1206/193217.900:ERROR:process_memory_win.cc(73)] ReadMemory at 0x1ebfe4c0740 of 132 bytes failed: Only part of a ReadProcessMemory or WriteProcessMemory request was completed. (0x12B)
[1206/193217.900:ERROR:process_memory_win.cc(73)] ReadMemory at 0x1ebfe4c0870 of 132 bytes failed: Only part of a ReadProcessMemory or WriteProcessMemory request was completed. (0x12B)
[1206/193217.900:ERROR:process_memory_win.cc(73)] ReadMemory at 0x1ebfe4c24b0 of 54 bytes failed: Only part of a ReadProcessMemory or WriteProcessMemory request was completed. (0x12B)
[1206/193217.900:ERROR:process_memory_win.cc(73)] ReadMemory at 0x1ebfe4c3220 of 132 bytes failed: Only part of a ReadProcessMemory or WriteProcessMemory request was completed. (0x12B)
[1206/193217.900:ERROR:process_memory_win.cc(73)] ReadMemory at 0x1ebfe4c3c80 of 132 bytes failed: Only part of a ReadProcessMemory or WriteProcessMemory request was completed. (0x12B)
[1206/193217.900:ERROR:process_memory_win.cc(73)] ReadMemory at 0x1ebfe4c3db0 of 158 bytes failed: Only part of a ReadProcessMemory or WriteProcessMemory request was completed. (0x12B)
[1206/193217.900:ERROR:process_memory_win.cc(73)] ReadMemory at 0x1ebfe4c8300 of 62 bytes failed: Only part of a ReadProcessMemory or WriteProcessMemory request was completed. (0x12B)
[1206/193217.900:ERROR:process_memory_win.cc(73)] ReadMemory at 0x1ebfe4c8350 of 62 bytes failed: Only part of a ReadProcessMemory or WriteProcessMemory request was completed. (0x12B)
[1206/193217.900:ERROR:process_memory_win.cc(73)] ReadMemory at 0x1ebfe4c83a0 of 62 bytes failed: Only part of a ReadProcessMemory or WriteProcessMemory request was completed. (0x12B)
[1206/193217.900:ERROR:process_memory_win.cc(73)] ReadMemory at 0x1ebfe4c83f0 of 64 bytes failed: Only part of a ReadProcessMemory or WriteProcessMemory request was completed. (0x12B)
[1206/193217.900:ERROR:process_memory_win.cc(73)] ReadMemory at 0x1ebfe4c8440 of 60 bytes failed: Only part of a ReadProcessMemory or WriteProcessMemory request was completed. (0x12B)
[1206/193217.900:ERROR:process_memory_win.cc(73)] ReadMemory at 0x1ebfe4c84e0 of 62 bytes failed: Only part of a ReadProcessMemory or WriteProcessMemory request was completed. (0x12B)
[1206/193217.900:ERROR:process_memory_win.cc(73)] ReadMemory at 0x1ebfe4c8530 of 64 bytes failed: Only part of a ReadProcessMemory or WriteProcessMemory request was completed. (0x12B)
[1206/193217.900:ERROR:process_memory_win.cc(73)] ReadMemory at 0x1ebfe4c8580 of 60 bytes failed: Only part of a ReadProcessMemory or WriteProcessMemory request was completed. (0x12B)
[1206/193217.901:ERROR:process_memory_win.cc(73)] ReadMemory at 0x1ebfe4c85d0 of 64 bytes failed: Only part of a ReadProcessMemory or WriteProcessMemory request was completed. (0x12B)
[1206/193217.901:ERROR:process_memory_win.cc(73)] ReadMemory at 0x1ebfe4c8620 of 64 bytes failed: Only part of a ReadProcessMemory or WriteProcessMemory request was completed. (0x12B)
[1206/193217.901:ERROR:process_memory_win.cc(73)] ReadMemory at 0x1ebfe4c8670 of 64 bytes failed: Only part of a ReadProcessMemory or WriteProcessMemory request was completed. (0x12B)
[1206/193217.901:ERROR:process_memory_win.cc(73)] ReadMemory at 0x1ebfe4c8760 of 62 bytes failed: Only part of a ReadProcessMemory or WriteProcessMemory request was completed. (0x12B)
[1206/193217.901:ERROR:process_memory_win.cc(73)] ReadMemory at 0x1ebfe4c8800 of 64 bytes failed: Only part of a ReadProcessMemory or WriteProcessMemory request was completed. (0x12B)
[1206/193217.901:ERROR:process_memory_win.cc(73)] ReadMemory at 0x1ebfe4c8940 of 62 bytes failed: Only part of a ReadProcessMemory or WriteProcessMemory request was completed. (0x12B)
[1206/193217.901:ERROR:process_memory_win.cc(73)] ReadMemory at 0x1ebfe4c89e0 of 62 bytes failed: Only part of a ReadProcessMemory or WriteProcessMemory request was completed. (0x12B)
[1206/193217.901:ERROR:process_memory_win.cc(73)] ReadMemory at 0x1ebfe4c8ad0 of 58 bytes failed: Only part of a ReadProcessMemory or WriteProcessMemory request was completed. (0x12B)
[1206/193217.901:ERROR:process_memory_win.cc(73)] ReadMemory at 0x1ebfe4c8b20 of 66 bytes failed: Only part of a ReadProcessMemory or WriteProcessMemory request was completed. (0x12B)
[1206/193217.901:ERROR:process_memory_win.cc(73)] ReadMemory at 0x1ebfe4c8bc0 of 58 bytes failed: Only part of a ReadProcessMemory or WriteProcessMemory request was completed. (0x12B)
[1206/193217.901:ERROR:process_memory_win.cc(73)] ReadMemory at 0x1ebfe4c8c60 of 60 bytes failed: Only part of a ReadProcessMemory or WriteProcessMemory request was completed. (0x12B)
[1206/193217.901:ERROR:process_memory_win.cc(73)] ReadMemory at 0x1ebfe4c8d50 of 62 bytes failed: Only part of a ReadProcessMemory or WriteProcessMemory request was completed. (0x12B)
[1206/193217.901:ERROR:process_memory_win.cc(73)] ReadMemory at 0x1ebfe4c8da0 of 60 bytes failed: Only part of a ReadProcessMemory or WriteProcessMemory request was completed. (0x12B)
[1206/193217.901:ERROR:process_memory_win.cc(73)] ReadMemory at 0x1ebfe4c8fd0 of 64 bytes failed: Only part of a ReadProcessMemory or WriteProcessMemory request was completed. (0x12B)
[1206/193217.901:ERROR:process_memory_win.cc(73)] ReadMemory at 0x1ebfe4c9020 of 60 bytes failed: Only part of a ReadProcessMemory or WriteProcessMemory request was completed. (0x12B)
[1206/193217.902:ERROR:process_memory_win.cc(73)] ReadMemory at 0x1ebfe4c9110 of 62 bytes failed: Only part of a ReadProcessMemory or WriteProcessMemory request was completed. (0x12B)
[1206/193217.902:ERROR:process_memory_win.cc(73)] ReadMemory at 0x1ebfe4ccda0 of 78 bytes failed: Only part of a ReadProcessMemory or WriteProcessMemory request was completed. (0x12B)
[1206/193217.902:ERROR:process_memory_win.cc(73)] ReadMemory at 0x1ebfe4cd160 of 76 bytes failed: Only part of a ReadProcessMemory or WriteProcessMemory request was completed. (0x12B)
[1206/193217.902:ERROR:process_memory_win.cc(73)] ReadMemory at 0x1ebfe4ce170 of 132 bytes failed: Only part of a ReadProcessMemory or WriteProcessMemory request was completed. (0x12B)
[1206/193217.902:ERROR:process_memory_win.cc(73)] ReadMemory at 0x1ebfe4ce2a0 of 132 bytes failed: Only part of a ReadProcessMemory or WriteProcessMemory request was completed. (0x12B)
[1206/193217.902:ERROR:process_memory_win.cc(73)] ReadMemory at 0x1ebfe4ce3d0 of 132 bytes failed: Only part of a ReadProcessMemory or WriteProcessMemory request was completed. (0x12B)
[1206/193217.902:ERROR:process_memory_win.cc(73)] ReadMemory at 0x1ebfe4ce500 of 132 bytes failed: Only part of a ReadProcessMemory or WriteProcessMemory request was completed. (0x12B)
[1206/193217.902:ERROR:process_memory_win.cc(73)] ReadMemory at 0x1ebfe4ce630 of 132 bytes failed: Only part of a ReadProcessMemory or WriteProcessMemory request was completed. (0x12B)
[1206/193217.902:ERROR:process_memory_win.cc(73)] ReadMemory at 0x1ebfe4ce890 of 132 bytes failed: Only part of a ReadProcessMemory or WriteProcessMemory request was completed. (0x12B)
[1206/193217.902:ERROR:process_memory_win.cc(73)] ReadMemory at 0x1ebfe4ce9c0 of 132 bytes failed: Only part of a ReadProcessMemory or WriteProcessMemory request was completed. (0x12B)
[1206/193217.902:ERROR:process_memory_win.cc(73)] ReadMemory at 0x1ebfe4ceaf0 of 132 bytes failed: Only part of a ReadProcessMemory or WriteProcessMemory request was completed. (0x12B)
[1206/193217.902:ERROR:process_memory_win.cc(73)] ReadMemory at 0x1ebfe4cec20 of 132 bytes failed: Only part of a ReadProcessMemory or WriteProcessMemory request was completed. (0x12B)
[1206/193217.902:ERROR:process_memory_win.cc(73)] ReadMemory at 0x1ebfe4ced50 of 132 bytes failed: Only part of a ReadProcessMemory or WriteProcessMemory request was completed. (0x12B)
[1206/193217.902:ERROR:process_memory_win.cc(73)] ReadMemory at 0x1ebfe4cee80 of 132 bytes failed: Only part of a ReadProcessMemory or WriteProcessMemory request was completed. (0x12B)
[1206/193217.902:ERROR:process_memory_win.cc(73)] ReadMemory at 0x1ebfe4cefb0 of 132 bytes failed: Only part of a ReadProcessMemory or WriteProcessMemory request was completed. (0x12B)
[1206/193217.902:ERROR:process_memory_win.cc(73)] ReadMemory at 0x1ebfe4cf0e0 of 132 bytes failed: Only part of a ReadProcessMemory or WriteProcessMemory request was completed. (0x12B)
[1206/193217.902:ERROR:process_memory_win.cc(73)] ReadMemory at 0x1ebfe4cf210 of 132 bytes failed: Only part of a ReadProcessMemory or WriteProcessMemory request was completed. (0x12B)
[1206/193217.903:ERROR:process_memory_win.cc(73)] ReadMemory at 0x1ebfe4cf340 of 132 bytes failed: Only part of a ReadProcessMemory or WriteProcessMemory request was completed. (0x12B)
[1206/193217.903:ERROR:process_memory_win.cc(73)] ReadMemory at 0x1ebfe4cf470 of 132 bytes failed: Only part of a ReadProcessMemory or WriteProcessMemory request was completed. (0x12B)
[1206/193217.903:ERROR:process_memory_win.cc(73)] ReadMemory at 0x1ebfe4cf5a0 of 132 bytes failed: Only part of a ReadProcessMemory or WriteProcessMemory request was completed. (0x12B)
[1206/193217.903:ERROR:process_memory_win.cc(73)] ReadMemory at 0x1ebfe4cf6d0 of 132 bytes failed: Only part of a ReadProcessMemory or WriteProcessMemory request was completed. (0x12B)
[1206/193217.903:ERROR:process_memory_win.cc(73)] ReadMemory at 0x1ebfe4cf800 of 132 bytes failed: Only part of a ReadProcessMemory or WriteProcessMemory request was completed. (0x12B)
[1206/193217.903:ERROR:process_memory_win.cc(73)] ReadMemory at 0x1ebfe4cf930 of 132 bytes failed: Only part of a ReadProcessMemory or WriteProcessMemory request was completed. (0x12B)
[1206/193217.903:ERROR:process_memory_win.cc(73)] ReadMemory at 0x1ebfe4cfa60 of 132 bytes failed: Only part of a ReadProcessMemory or WriteProcessMemory request was completed. (0x12B)
[1206/193217.903:ERROR:process_memory_win.cc(73)] ReadMemory at 0x1ebfe4cfb90 of 132 bytes failed: Only part of a ReadProcessMemory or WriteProcessMemory request was completed. (0x12B)
[1206/193217.903:ERROR:process_memory_win.cc(73)] ReadMemory at 0x1ebfe4cfcc0 of 132 bytes failed: Only part of a ReadProcessMemory or WriteProcessMemory request was completed. (0x12B)
[1206/193217.903:ERROR:process_memory_win.cc(73)] ReadMemory at 0x1ebfe4cfdf0 of 132 bytes failed: Only part of a ReadProcessMemory or WriteProcessMemory request was completed. (0x12B)
[1206/193217.903:ERROR:process_memory_win.cc(73)] ReadMemory at 0x1ebfe4cff20 of 132 bytes failed: Only part of a ReadProcessMemory or WriteProcessMemory request was completed. (0x12B)
[1206/193217.903:ERROR:process_memory_win.cc(73)] ReadMemory at 0x1ebfe4d5dc0 of 62 bytes failed: Only part of a ReadProcessMemory or WriteProcessMemory request was completed. (0x12B)
[1206/193217.903:ERROR:process_memory_win.cc(73)] ReadMemory at 0x1ebfe4d62c0 of 66 bytes failed: Only part of a ReadProcessMemory or WriteProcessMemory request was completed. (0x12B)
[1206/193217.903:ERROR:process_memory_win.cc(73)] ReadMemory at 0x1ebfe4d64a0 of 60 bytes failed: Only part of a ReadProcessMemory or WriteProcessMemory request was completed. (0x12B)
[1206/193217.903:ERROR:process_memory_win.cc(73)] ReadMemory at 0x1ebfe4d6540 of 64 bytes failed: Only part of a ReadProcessMemory or WriteProcessMemory request was completed. (0x12B)
[1206/193217.903:ERROR:process_memory_win.cc(73)] ReadMemory at 0x1ebfe4d6810 of 58 bytes failed: Only part of a ReadProcessMemory or WriteProcessMemory request was completed. (0x12B)
[1206/193217.903:ERROR:process_memory_win.cc(73)] ReadMemory at 0x1ebfe4d68b0 of 62 bytes failed: Only part of a ReadProcessMemory or WriteProcessMemory request was completed. (0x12B)
[1206/193217.903:ERROR:process_memory_win.cc(73)] ReadMemory at 0x1ebfe4d6950 of 62 bytes failed: Only part of a ReadProcessMemory or WriteProcessMemory request was completed. (0x12B)
[1206/193217.903:ERROR:process_memory_win.cc(73)] ReadMemory at 0x1ebfe4decf0 of 512 bytes failed: Only part of a ReadProcessMemory or WriteProcessMemory request was completed. (0x12B)
[1206/193217.904:ERROR:process_memory_win.cc(73)] ReadMemory at 0x1ebfe4e80f0 of 512 bytes failed: Only part of a ReadProcessMemory or WriteProcessMemory request was completed. (0x12B)
[1206/193217.904:ERROR:process_memory_win.cc(73)] ReadMemory at 0x1ebfe4efdf0 of 512 bytes failed: Only part of a ReadProcessMemory or WriteProcessMemory request was completed. (0x12B)
[1206/193217.904:ERROR:process_memory_win.cc(73)] ReadMemory at 0x1ebfe4f2190 of 60 bytes failed: Only part of a ReadProcessMemory or WriteProcessMemory request was completed. (0x12B)
[1206/193217.904:ERROR:process_memory_win.cc(73)] ReadMemory at 0x1ebfe4f21e0 of 64 bytes failed: Only part of a ReadProcessMemory or WriteProcessMemory request was completed. (0x12B)
[1206/193217.904:ERROR:process_memory_win.cc(73)] ReadMemory at 0x1ebfe4f2aa0 of 62 bytes failed: Only part of a ReadProcessMemory or WriteProcessMemory request was completed. (0x12B)
[1206/193217.904:ERROR:process_memory_win.cc(73)] ReadMemory at 0x1ebfe4f2be0 of 64 bytes failed: Only part of a ReadProcessMemory or WriteProcessMemory request was completed. (0x12B)
[1206/193217.904:ERROR:process_memory_win.cc(73)] ReadMemory at 0x1ebfe4f2c30 of 66 bytes failed: Only part of a ReadProcessMemory or WriteProcessMemory request was completed. (0x12B)
[1206/193217.904:ERROR:process_memory_win.cc(73)] ReadMemory at 0x1ebfe4f34c0 of 512 bytes failed: Only part of a ReadProcessMemory or WriteProcessMemory request was completed. (0x12B)
[1206/193217.904:ERROR:process_memory_win.cc(73)] ReadMemory at 0x1ebfe4f5020 of 132 bytes failed: Only part of a ReadProcessMemory or WriteProcessMemory request was completed. (0x12B)
[1206/193217.904:ERROR:process_memory_win.cc(73)] ReadMemory at 0x1ebfe4f53b0 of 132 bytes failed: Only part of a ReadProcessMemory or WriteProcessMemory request was completed. (0x12B)
[1206/193217.904:ERROR:process_memory_win.cc(73)] ReadMemory at 0x1ebfe4f59a0 of 132 bytes failed: Only part of a ReadProcessMemory or WriteProcessMemory request was completed. (0x12B)
[1206/193217.905:ERROR:process_memory_win.cc(73)] ReadMemory at 0x1ebfe4f5c00 of 132 bytes failed: Only part of a ReadProcessMemory or WriteProcessMemory request was completed. (0x12B)
[1206/193217.905:ERROR:process_memory_win.cc(73)] ReadMemory at 0x1ebfe4f67e0 of 132 bytes failed: Only part of a ReadProcessMemory or WriteProcessMemory request was completed. (0x12B)
[1206/193217.905:ERROR:process_memory_win.cc(73)] ReadMemory at 0x1ebfe4f6910 of 132 bytes failed: Only part of a ReadProcessMemory or WriteProcessMemory request was completed. (0x12B)
[1206/193217.905:ERROR:process_memory_win.cc(73)] ReadMemory at 0x1ebfe4f6a40 of 132 bytes failed: Only part of a ReadProcessMemory or WriteProcessMemory request was completed. (0x12B)
[1206/193217.905:ERROR:process_memory_win.cc(73)] ReadMemory at 0x1ebfe4fa880 of 512 bytes failed: Only part of a ReadProcessMemory or WriteProcessMemory request was completed. (0x12B)
[1206/193217.905:ERROR:process_memory_win.cc(73)] ReadMemory at 0x1ebfe5026d0 of 512 bytes failed: Only part of a ReadProcessMemory or WriteProcessMemory request was completed. (0x12B)
[1206/193217.905:ERROR:process_memory_win.cc(73)] ReadMemory at 0x1ebfe5303e0 of 60 bytes failed: Only part of a ReadProcessMemory or WriteProcessMemory request was completed. (0x12B)
[1206/193217.905:ERROR:process_memory_win.cc(73)] ReadMemory at 0x1ebfe56ea80 of 58 bytes failed: Only part of a ReadProcessMemory or WriteProcessMemory request was completed. (0x12B)
[1206/193217.905:ERROR:process_memory_win.cc(73)] ReadMemory at 0x1ebfe588d40 of 512 bytes failed: Only part of a ReadProcessMemory or WriteProcessMemory request was completed. (0x12B)
[1206/193217.905:ERROR:process_memory_win.cc(73)] ReadMemory at 0x1ebfe7188d0 of 512 bytes failed: Only part of a ReadProcessMemory or WriteProcessMemory request was completed. (0x12B)
[1206/193217.905:ERROR:process_memory_win.cc(73)] ReadMemory at 0x7ffb6aa7cc66 of 512 bytes failed: Only part of a ReadProcessMemory or WriteProcessMemory request was completed. (0x12B)
[1206/193217.905:ERROR:process_memory_win.cc(73)] ReadMemory at 0x7ffb6c16c1d7 of 512 bytes failed: Only part of a ReadProcessMemory or WriteProcessMemory request was completed. (0x12B)
[1206/193217.905:ERROR:process_memory_win.cc(73)] ReadMemory at 0x7ffb6c194a1c of 512 bytes failed: Only part of a ReadProcessMemory or WriteProcessMemory request was completed. (0x12B)
[1206/193217.905:ERROR:process_memory_win.cc(73)] ReadMemory at 0x7ffb6ec55883 of 512 bytes failed: Only part of a ReadProcessMemory or WriteProcessMemory request was completed. (0x12B)
[1206/193217.905:ERROR:process_memory_win.cc(73)] ReadMemory at 0x7ffb6ee8d5d6 of 512 bytes failed: Only part of a ReadProcessMemory or WriteProcessMemory request was completed. (0x12B)
[1206/193217.906:ERROR:process_memory_win.cc(73)] ReadMemory at 0x7ffb6f5f7040 of 520 bytes failed: Only part of a ReadProcessMemory or WriteProcessMemory request was completed. (0x12B)
[1206/193217.906:ERROR:process_memory_win.cc(73)] ReadMemory at 0x7ffb6f853200 of 512 bytes failed: Only part of a ReadProcessMemory or WriteProcessMemory request was completed. (0x12B)
[1206/193217.906:ERROR:process_memory_win.cc(73)] ReadMemory at 0x7ffbc5660000 of 384 bytes failed: Only part of a ReadProcessMemory or WriteProcessMemory request was completed. (0x12B)
[1206/193217.906:ERROR:process_memory_win.cc(73)] ReadMemory at 0x7ffbc95821f0 of 512 bytes failed: Only part of a ReadProcessMemory or WriteProcessMemory request was completed. (0x12B)
[1206/193217.906:ERROR:process_memory_win.cc(73)] ReadMemory at 0x7ffbc9eff764 of 672 bytes failed: Only part of a ReadProcessMemory or WriteProcessMemory request was completed. (0x12B)
[1206/193217.906:ERROR:process_memory_win.cc(73)] ReadMemory at 0x7ffbc9effd64 of 512 bytes failed: Only part of a ReadProcessMemory or WriteProcessMemory request was completed. (0x12B)
[1206/193217.906:ERROR:process_memory_win.cc(73)] ReadMemory at 0x7ffbc9f00234 of 512 bytes failed: Only part of a ReadProcessMemory or WriteProcessMemory request was completed. (0x12B)
[1206/193217.906:ERROR:process_memory_win.cc(73)] ReadMemory at 0x7ffbc9f03054 of 512 bytes failed: Only part of a ReadProcessMemory or WriteProcessMemory request was completed. (0x12B)
[1206/193217.906:ERROR:process_memory_win.cc(73)] ReadMemory at 0x7ffbc9f8c0c8 of 18 bytes failed: Only part of a ReadProcessMemory or WriteProcessMemory request was completed. (0x12B)
[1206/193217.906:ERROR:process_memory_win.cc(73)] ReadMemory at 0x7ffbc9fbf4f8 of 40 bytes failed: Only part of a ReadProcessMemory or WriteProcessMemory request was completed. (0x12B)
[1206/193217.906:ERROR:process_memory_win.cc(73)] ReadMemory at 0x7ffbc9fbf978 of 48 bytes failed: Only part of a ReadProcessMemory or WriteProcessMemory request was completed. (0x12B)
[1206/193217.906:ERROR:process_memory_win.cc(73)] ReadMemory at 0x7ffbc9fc53a0 of 64 bytes failed: Only part of a ReadProcessMemory or WriteProcessMemory request was completed. (0x12B)
[1206/193217.908:ERROR:scoped_process_suspend.cc(40)] NtResumeProcess: An attempt was made to access an exiting process. (0xc000010a)
[0203/100810.861:ERROR:process_info.cc(359)] UncheckedAllocate
[0203/100820.388:ERROR:process_info.cc(359)] UncheckedAllocate
[0203/100831.235:ERROR:process_info.cc(359)] UncheckedAllocate
