#
# There is insufficient memory for the Java Runtime Environment to continue.
# Native memory allocation (malloc) failed to allocate 1396176 bytes for Chunk::new
# Possible reasons:
#   The system is out of physical RAM or swap space
#   The process is running with CompressedOops enabled, and the Java Heap may be blocking the growth of the native heap
# Possible solutions:
#   Reduce memory load on the system
#   Increase physical memory or swap space
#   Check if swap backing store is full
#   Decrease Java heap size (-Xmx/-Xms)
#   Decrease number of Java threads
#   Decrease Java thread stack sizes (-Xss)
#   Set larger code cache with -XX:ReservedCodeCacheSize=
#   JVM is running with Unscaled Compressed Oops mode in which the Java heap is
#     placed in the first 4GB address space. The Java Heap base address is the
#     maximum limit for the native heap growth. Please use -XX:HeapBaseMinAddress
#     to set the Java Heap base and to place the Java Heap above 4GB virtual address.
# This output file may be truncated or incomplete.
#
#  Out of Memory Error (t:/workspace/open/src/hotspot/share/memory/arena.cpp:197), pid=34964, tid=35552
#
# JRE version: Java(TM) SE Runtime Environment (12.0.1+12) (build 12.0.1+12)
# Java VM: Java HotSpot(TM) 64-Bit Server VM (12.0.1+12, mixed mode, sharing, tiered, compressed oops, g1 gc, windows-amd64)
# No core dump will be written. Minidumps are not enabled by default on client versions of Windows
#

---------------  S U M M A R Y ------------

Command Line: -ea -Didea.test.cyclic.buffer.size=1048576 -javaagent:C:\Program Files\JetBrains\IntelliJ IDEA Community Edition 2018.3\lib\idea_rt.jar=55503:C:\Program Files\JetBrains\IntelliJ IDEA Community Edition 2018.3\bin -Dfile.encoding=UTF-8 org.testng.RemoteTestNGStarter -usedefaultlisteners false -socket55502 @w@C:\Users\Максим\AppData\Local\Temp\idea_working_dirs_testng.tmp -temp C:\Users\Максим\AppData\Local\Temp\idea_testng.tmp

Host: Intel(R) Core(TM) i7-7700 CPU @ 3.60GHz, 8 cores, 7G,  Windows 10 , 64 bit Build 17763 (10.0.17763.475)
Time: Thu Oct 17 22:12:52 2019 FLE Daylight Time elapsed time: 181 seconds (0d 0h 3m 1s)

---------------  T H R E A D  ---------------

Current thread (0x000001ae3bd61800):  JavaThread "C2 CompilerThread0" daemon [_thread_in_native, id=35552, stack(0x000000a00fa00000,0x000000a00fb00000)]


Current CompileTask:
C2: 181809 4099       4       java.awt.font.TextLayout::<init> (201 bytes)

Stack: [0x000000a00fa00000,0x000000a00fb00000]
Native frames: (J=compiled Java code, j=interpreted, Vv=VM code, C=native code)
V  [jvm.dll+0x63948a]
V  [jvm.dll+0x78b31f]
V  [jvm.dll+0x78c9c1]
V  [jvm.dll+0x78d013]
V  [jvm.dll+0x262138]
V  [jvm.dll+0xc582c]
V  [jvm.dll+0xc5dac]
V  [jvm.dll+0x379662]
V  [jvm.dll+0x1aee00]
V  [jvm.dll+0x21c142]
V  [jvm.dll+0x21b20a]
V  [jvm.dll+0x199890]
V  [jvm.dll+0x22a534]
V  [jvm.dll+0x228b88]
V  [jvm.dll+0x74f660]
V  [jvm.dll+0x748648]
V  [jvm.dll+0x638566]
C  [ucrtbase.dll+0x21ffa]
C  [KERNEL32.DLL+0x17974]
C  [ntdll.dll+0x6a271]


---------------  P R O C E S S  ---------------

Threads class SMR info:
_java_thread_list=0x000001ae3ca07c20, length=17, elements={
0x000001ae1d042000, 0x000001ae3bd3f000, 0x000001ae3bd42800, 0x000001ae3bd5f800,
0x000001ae3bd60000, 0x000001ae3bd61800, 0x000001ae3bd6a000, 0x000001ae3bd70800,
0x000001ae3bd26800, 0x000001ae3c823000, 0x000001ae3c823800, 0x000001ae3d1bf800,
0x000001ae3d69c800, 0x000001ae3d69d800, 0x000001ae3d70d800, 0x000001ae3d7ee000,
0x000001ae3da6f000
}

Java Threads: ( => current thread )
  0x000001ae1d042000 JavaThread "main" [_thread_blocked, id=29532, stack(0x000000a00ef00000,0x000000a00f000000)]
  0x000001ae3bd3f000 JavaThread "Reference Handler" daemon [_thread_blocked, id=34340, stack(0x000000a00f600000,0x000000a00f700000)]
  0x000001ae3bd42800 JavaThread "Finalizer" daemon [_thread_blocked, id=33996, stack(0x000000a00f700000,0x000000a00f800000)]
  0x000001ae3bd5f800 JavaThread "Signal Dispatcher" daemon [_thread_blocked, id=35644, stack(0x000000a00f800000,0x000000a00f900000)]
  0x000001ae3bd60000 JavaThread "Attach Listener" daemon [_thread_blocked, id=6912, stack(0x000000a00f900000,0x000000a00fa00000)]
=>0x000001ae3bd61800 JavaThread "C2 CompilerThread0" daemon [_thread_in_native, id=35552, stack(0x000000a00fa00000,0x000000a00fb00000)]
  0x000001ae3bd6a000 JavaThread "C1 CompilerThread0" daemon [_thread_blocked, id=25116, stack(0x000000a00fb00000,0x000000a00fc00000)]
  0x000001ae3bd70800 JavaThread "Sweeper thread" daemon [_thread_blocked, id=11576, stack(0x000000a00fc00000,0x000000a00fd00000)]
  0x000001ae3bd26800 JavaThread "Common-Cleaner" daemon [_thread_blocked, id=34836, stack(0x000000a00fd00000,0x000000a00fe00000)]
  0x000001ae3c823000 JavaThread "Monitor Ctrl-Break" daemon [_thread_in_native, id=29788, stack(0x000000a00ff00000,0x000000a010000000)]
  0x000001ae3c823800 JavaThread "Service Thread" daemon [_thread_blocked, id=32096, stack(0x000000a010000000,0x000000a010100000)]
  0x000001ae3d1bf800 JavaThread "Exec Default Executor" daemon [_thread_in_native, id=35420, stack(0x000000a010400000,0x000000a010500000)]
  0x000001ae3d69c800 JavaThread "Exec Stream Pumper" daemon [_thread_in_native, id=34820, stack(0x000000a010700000,0x000000a010800000)]
  0x000001ae3d69d800 JavaThread "Exec Stream Pumper" daemon [_thread_in_native, id=17496, stack(0x000000a010800000,0x000000a010900000)]
  0x000001ae3d70d800 JavaThread "OkHttp ConnectionPool" daemon [_thread_blocked, id=14784, stack(0x000000a00fe00000,0x000000a00ff00000)]
  0x000001ae3d7ee000 JavaThread "Okio Watchdog" daemon [_thread_blocked, id=33800, stack(0x000000a010a00000,0x000000a010b00000)]
  0x000001ae3da6f000 JavaThread "Java2D Disposer" daemon [_thread_blocked, id=35084, stack(0x000000a010900000,0x000000a010a00000)]

Other Threads:
  0x000001ae3bd3d000 VMThread "VM Thread" [stack: 0x000000a00f500000,0x000000a00f600000] [id=34368]
  0x000001ae3c877000 WatcherThread [stack: 0x000000a010100000,0x000000a010200000] [id=21908]
  0x000001ae1d080000 GCTaskThread "GC Thread#0" [stack: 0x000000a00f000000,0x000000a00f100000] [id=35636]
  0x000001ae3d1ba000 GCTaskThread "GC Thread#1" [stack: 0x000000a010200000,0x000000a010300000] [id=17344]
  0x000001ae3d1ba800 GCTaskThread "GC Thread#2" [stack: 0x000000a010300000,0x000000a010400000] [id=35224]
  0x000001ae1d08f000 ConcurrentGCThread "G1 Main Marker" [stack: 0x000000a00f100000,0x000000a00f200000] [id=32184]
  0x000001ae1d092000 ConcurrentGCThread "G1 Conc#0" [stack: 0x000000a00f200000,0x000000a00f300000] [id=8128]
  0x000001ae3bbb6800 ConcurrentGCThread "G1 Refine#0" [stack: 0x000000a00f300000,0x000000a00f400000] [id=26572]
  0x000001ae1d10d800 ConcurrentGCThread "G1 Young RemSet Sampling" [stack: 0x000000a00f400000,0x000000a00f500000] [id=15760]

Threads with active compile tasks:
C2 CompilerThread0  4099       4       java.awt.font.TextLayout::<init> (201 bytes)

VM state:not at safepoint (normal execution)

VM Mutex/Monitor currently owned by a thread: None

Heap address: 0x0000000080e00000, size: 2034 MB, Compressed Oops mode: 32-bit
Narrow klass base: 0x0000000800000000, Narrow klass shift: 3
Compressed class space size: 1073741824 Address: 0x00000008011a0000

Heap:
 garbage-first heap   total 131072K, used 60995K [0x0000000080e00000, 0x0000000100000000)
  region size 1024K, 55 young (56320K), 4 survivors (4096K)
 Metaspace       used 19706K, capacity 20410K, committed 20608K, reserved 1067008K
  class space    used 2089K, capacity 2339K, committed 2432K, reserved 1048576K
Heap Regions: E=young(eden), S=young(survivor), O=old, HS=humongous(starts), HC=humongous(continues), CS=collection set, F=free, A=archive, TAMS=top-at-mark-start (previous, next)
|   0|0x0000000080e00000, 0x0000000080f00000, 0x0000000080f00000|100%|HS|  |TAMS 0x0000000080e00000, 0x0000000080e00000| Complete 
|   1|0x0000000080f00000, 0x0000000081000000, 0x0000000081000000|100%| O|  |TAMS 0x0000000080f00000, 0x0000000080f00000| Untracked 
|   2|0x0000000081000000, 0x0000000081100000, 0x0000000081100000|100%| O|  |TAMS 0x0000000081000000, 0x0000000081000000| Untracked 
|   3|0x0000000081100000, 0x0000000081200000, 0x0000000081200000|100%| O|  |TAMS 0x0000000081100000, 0x0000000081100000| Untracked 
|   4|0x0000000081200000, 0x0000000081300000, 0x0000000081300000|100%| O|  |TAMS 0x0000000081200000, 0x0000000081200000| Untracked 
|   5|0x0000000081300000, 0x0000000081400000, 0x0000000081400000|100%| O|  |TAMS 0x0000000081300000, 0x0000000081300000| Untracked 
|   6|0x0000000081400000, 0x000000008143c000, 0x0000000081500000| 23%| O|  |TAMS 0x0000000081400000, 0x0000000081400000| Untracked 
|   7|0x0000000081500000, 0x0000000081500000, 0x0000000081600000|  0%| F|  |TAMS 0x0000000081500000, 0x0000000081500000| Untracked 
|   8|0x0000000081600000, 0x0000000081600000, 0x0000000081700000|  0%| F|  |TAMS 0x0000000081600000, 0x0000000081600000| Untracked 
|   9|0x0000000081700000, 0x0000000081700000, 0x0000000081800000|  0%| F|  |TAMS 0x0000000081700000, 0x0000000081700000| Untracked 
|  10|0x0000000081800000, 0x0000000081800000, 0x0000000081900000|  0%| F|  |TAMS 0x0000000081800000, 0x0000000081800000| Untracked 
|  11|0x0000000081900000, 0x0000000081900000, 0x0000000081a00000|  0%| F|  |TAMS 0x0000000081900000, 0x0000000081900000| Untracked 
|  12|0x0000000081a00000, 0x0000000081a00000, 0x0000000081b00000|  0%| F|  |TAMS 0x0000000081a00000, 0x0000000081a00000| Untracked 
|  13|0x0000000081b00000, 0x0000000081b00000, 0x0000000081c00000|  0%| F|  |TAMS 0x0000000081b00000, 0x0000000081b00000| Untracked 
|  14|0x0000000081c00000, 0x0000000081c00000, 0x0000000081d00000|  0%| F|  |TAMS 0x0000000081c00000, 0x0000000081c00000| Untracked 
|  15|0x0000000081d00000, 0x0000000081d00000, 0x0000000081e00000|  0%| F|  |TAMS 0x0000000081d00000, 0x0000000081d00000| Untracked 
|  16|0x0000000081e00000, 0x0000000081e00000, 0x0000000081f00000|  0%| F|  |TAMS 0x0000000081e00000, 0x0000000081e00000| Untracked 
|  17|0x0000000081f00000, 0x0000000081f00000, 0x0000000082000000|  0%| F|  |TAMS 0x0000000081f00000, 0x0000000081f00000| Untracked 
|  18|0x0000000082000000, 0x0000000082000000, 0x0000000082100000|  0%| F|  |TAMS 0x0000000082000000, 0x0000000082000000| Untracked 
|  19|0x0000000082100000, 0x0000000082100000, 0x0000000082200000|  0%| F|  |TAMS 0x0000000082100000, 0x0000000082100000| Untracked 
|  20|0x0000000082200000, 0x0000000082200000, 0x0000000082300000|  0%| F|  |TAMS 0x0000000082200000, 0x0000000082200000| Untracked 
|  21|0x0000000082300000, 0x0000000082300000, 0x0000000082400000|  0%| F|  |TAMS 0x0000000082300000, 0x0000000082300000| Untracked 
|  22|0x0000000082400000, 0x0000000082400000, 0x0000000082500000|  0%| F|  |TAMS 0x0000000082400000, 0x0000000082400000| Untracked 
|  23|0x0000000082500000, 0x0000000082500000, 0x0000000082600000|  0%| F|  |TAMS 0x0000000082500000, 0x0000000082500000| Untracked 
|  24|0x0000000082600000, 0x0000000082600000, 0x0000000082700000|  0%| F|  |TAMS 0x0000000082600000, 0x0000000082600000| Untracked 
|  25|0x0000000082700000, 0x0000000082700000, 0x0000000082800000|  0%| F|  |TAMS 0x0000000082700000, 0x0000000082700000| Untracked 
|  26|0x0000000082800000, 0x0000000082800000, 0x0000000082900000|  0%| F|  |TAMS 0x0000000082800000, 0x0000000082800000| Untracked 
|  27|0x0000000082900000, 0x0000000082900000, 0x0000000082a00000|  0%| F|  |TAMS 0x0000000082900000, 0x0000000082900000| Untracked 
|  28|0x0000000082a00000, 0x0000000082a00000, 0x0000000082b00000|  0%| F|  |TAMS 0x0000000082a00000, 0x0000000082a00000| Untracked 
|  29|0x0000000082b00000, 0x0000000082b00000, 0x0000000082c00000|  0%| F|  |TAMS 0x0000000082b00000, 0x0000000082b00000| Untracked 
|  30|0x0000000082c00000, 0x0000000082c00000, 0x0000000082d00000|  0%| F|  |TAMS 0x0000000082c00000, 0x0000000082c00000| Untracked 
|  31|0x0000000082d00000, 0x0000000082d00000, 0x0000000082e00000|  0%| F|  |TAMS 0x0000000082d00000, 0x0000000082d00000| Untracked 
|  32|0x0000000082e00000, 0x0000000082e00000, 0x0000000082f00000|  0%| F|  |TAMS 0x0000000082e00000, 0x0000000082e00000| Untracked 
|  33|0x0000000082f00000, 0x0000000082f00000, 0x0000000083000000|  0%| F|  |TAMS 0x0000000082f00000, 0x0000000082f00000| Untracked 
|  34|0x0000000083000000, 0x0000000083000000, 0x0000000083100000|  0%| F|  |TAMS 0x0000000083000000, 0x0000000083000000| Untracked 
|  35|0x0000000083100000, 0x0000000083100000, 0x0000000083200000|  0%| F|  |TAMS 0x0000000083100000, 0x0000000083100000| Untracked 
|  36|0x0000000083200000, 0x0000000083200000, 0x0000000083300000|  0%| F|  |TAMS 0x0000000083200000, 0x0000000083200000| Untracked 
|  37|0x0000000083300000, 0x0000000083300000, 0x0000000083400000|  0%| F|  |TAMS 0x0000000083300000, 0x0000000083300000| Untracked 
|  38|0x0000000083400000, 0x0000000083400000, 0x0000000083500000|  0%| F|  |TAMS 0x0000000083400000, 0x0000000083400000| Untracked 
|  39|0x0000000083500000, 0x0000000083500000, 0x0000000083600000|  0%| F|  |TAMS 0x0000000083500000, 0x0000000083500000| Untracked 
|  40|0x0000000083600000, 0x0000000083600000, 0x0000000083700000|  0%| F|  |TAMS 0x0000000083600000, 0x0000000083600000| Untracked 
|  41|0x0000000083700000, 0x0000000083700000, 0x0000000083800000|  0%| F|  |TAMS 0x0000000083700000, 0x0000000083700000| Untracked 
|  42|0x0000000083800000, 0x0000000083800000, 0x0000000083900000|  0%| F|  |TAMS 0x0000000083800000, 0x0000000083800000| Untracked 
|  43|0x0000000083900000, 0x0000000083900000, 0x0000000083a00000|  0%| F|  |TAMS 0x0000000083900000, 0x0000000083900000| Untracked 
|  44|0x0000000083a00000, 0x0000000083a00000, 0x0000000083b00000|  0%| F|  |TAMS 0x0000000083a00000, 0x0000000083a00000| Untracked 
|  45|0x0000000083b00000, 0x0000000083b00000, 0x0000000083c00000|  0%| F|  |TAMS 0x0000000083b00000, 0x0000000083b00000| Untracked 
|  46|0x0000000083c00000, 0x0000000083c00000, 0x0000000083d00000|  0%| F|  |TAMS 0x0000000083c00000, 0x0000000083c00000| Untracked 
|  47|0x0000000083d00000, 0x0000000083d00000, 0x0000000083e00000|  0%| F|  |TAMS 0x0000000083d00000, 0x0000000083d00000| Untracked 
|  48|0x0000000083e00000, 0x0000000083e00000, 0x0000000083f00000|  0%| F|  |TAMS 0x0000000083e00000, 0x0000000083e00000| Untracked 
|  49|0x0000000083f00000, 0x0000000083f00000, 0x0000000084000000|  0%| F|  |TAMS 0x0000000083f00000, 0x0000000083f00000| Untracked 
|  50|0x0000000084000000, 0x0000000084000000, 0x0000000084100000|  0%| F|  |TAMS 0x0000000084000000, 0x0000000084000000| Untracked 
|  51|0x0000000084100000, 0x0000000084100000, 0x0000000084200000|  0%| F|  |TAMS 0x0000000084100000, 0x0000000084100000| Untracked 
|  52|0x0000000084200000, 0x0000000084200000, 0x0000000084300000|  0%| F|  |TAMS 0x0000000084200000, 0x0000000084200000| Untracked 
|  53|0x0000000084300000, 0x0000000084300000, 0x0000000084400000|  0%| F|  |TAMS 0x0000000084300000, 0x0000000084300000| Untracked 
|  54|0x0000000084400000, 0x0000000084400000, 0x0000000084500000|  0%| F|  |TAMS 0x0000000084400000, 0x0000000084400000| Untracked 
|  55|0x0000000084500000, 0x0000000084500000, 0x0000000084600000|  0%| F|  |TAMS 0x0000000084500000, 0x0000000084500000| Untracked 
|  56|0x0000000084600000, 0x0000000084600000, 0x0000000084700000|  0%| F|  |TAMS 0x0000000084600000, 0x0000000084600000| Untracked 
|  57|0x0000000084700000, 0x0000000084700000, 0x0000000084800000|  0%| F|  |TAMS 0x0000000084700000, 0x0000000084700000| Untracked 
|  58|0x0000000084800000, 0x0000000084800000, 0x0000000084900000|  0%| F|  |TAMS 0x0000000084800000, 0x0000000084800000| Untracked 
|  59|0x0000000084900000, 0x0000000084900000, 0x0000000084a00000|  0%| F|  |TAMS 0x0000000084900000, 0x0000000084900000| Untracked 
|  60|0x0000000084a00000, 0x0000000084a00000, 0x0000000084b00000|  0%| F|  |TAMS 0x0000000084a00000, 0x0000000084a00000| Untracked 
|  61|0x0000000084b00000, 0x0000000084b54e10, 0x0000000084c00000| 33%| S|CS|TAMS 0x0000000084b00000, 0x0000000084b00000| Complete 
|  62|0x0000000084c00000, 0x0000000084d00000, 0x0000000084d00000|100%| S|CS|TAMS 0x0000000084c00000, 0x0000000084c00000| Complete 
|  63|0x0000000084d00000, 0x0000000084e00000, 0x0000000084e00000|100%| S|CS|TAMS 0x0000000084d00000, 0x0000000084d00000| Complete 
|  64|0x0000000084e00000, 0x0000000084f00000, 0x0000000084f00000|100%| S|CS|TAMS 0x0000000084e00000, 0x0000000084e00000| Complete 
|  65|0x0000000084f00000, 0x0000000084f00000, 0x0000000085000000|  0%| F|  |TAMS 0x0000000084f00000, 0x0000000084f00000| Untracked 
|  66|0x0000000085000000, 0x0000000085000000, 0x0000000085100000|  0%| F|  |TAMS 0x0000000085000000, 0x0000000085000000| Untracked 
|  67|0x0000000085100000, 0x0000000085100000, 0x0000000085200000|  0%| F|  |TAMS 0x0000000085100000, 0x0000000085100000| Untracked 
|  68|0x0000000085200000, 0x0000000085200000, 0x0000000085300000|  0%| F|  |TAMS 0x0000000085200000, 0x0000000085200000| Untracked 
|  69|0x0000000085300000, 0x0000000085300000, 0x0000000085400000|  0%| F|  |TAMS 0x0000000085300000, 0x0000000085300000| Untracked 
|  70|0x0000000085400000, 0x0000000085400000, 0x0000000085500000|  0%| F|  |TAMS 0x0000000085400000, 0x0000000085400000| Untracked 
|  71|0x0000000085500000, 0x0000000085500000, 0x0000000085600000|  0%| F|  |TAMS 0x0000000085500000, 0x0000000085500000| Untracked 
|  72|0x0000000085600000, 0x0000000085600000, 0x0000000085700000|  0%| F|  |TAMS 0x0000000085600000, 0x0000000085600000| Untracked 
|  73|0x0000000085700000, 0x0000000085700000, 0x0000000085800000|  0%| F|  |TAMS 0x0000000085700000, 0x0000000085700000| Untracked 
|  74|0x0000000085800000, 0x0000000085800000, 0x0000000085900000|  0%| F|  |TAMS 0x0000000085800000, 0x0000000085800000| Untracked 
|  75|0x0000000085900000, 0x0000000085900000, 0x0000000085a00000|  0%| F|  |TAMS 0x0000000085900000, 0x0000000085900000| Untracked 
|  76|0x0000000085a00000, 0x0000000085a00000, 0x0000000085b00000|  0%| F|  |TAMS 0x0000000085a00000, 0x0000000085a00000| Untracked 
|  77|0x0000000085b00000, 0x0000000085c00000, 0x0000000085c00000|100%| E|  |TAMS 0x0000000085b00000, 0x0000000085b00000| Complete 
|  78|0x0000000085c00000, 0x0000000085d00000, 0x0000000085d00000|100%| E|CS|TAMS 0x0000000085c00000, 0x0000000085c00000| Complete 
|  79|0x0000000085d00000, 0x0000000085e00000, 0x0000000085e00000|100%| E|CS|TAMS 0x0000000085d00000, 0x0000000085d00000| Complete 
|  80|0x0000000085e00000, 0x0000000085f00000, 0x0000000085f00000|100%| E|CS|TAMS 0x0000000085e00000, 0x0000000085e00000| Complete 
|  81|0x0000000085f00000, 0x0000000086000000, 0x0000000086000000|100%| E|CS|TAMS 0x0000000085f00000, 0x0000000085f00000| Complete 
|  82|0x0000000086000000, 0x0000000086100000, 0x0000000086100000|100%| E|CS|TAMS 0x0000000086000000, 0x0000000086000000| Complete 
|  83|0x0000000086100000, 0x0000000086200000, 0x0000000086200000|100%| E|CS|TAMS 0x0000000086100000, 0x0000000086100000| Complete 
|  84|0x0000000086200000, 0x0000000086300000, 0x0000000086300000|100%| E|CS|TAMS 0x0000000086200000, 0x0000000086200000| Complete 
|  85|0x0000000086300000, 0x0000000086400000, 0x0000000086400000|100%| E|CS|TAMS 0x0000000086300000, 0x0000000086300000| Complete 
|  86|0x0000000086400000, 0x0000000086500000, 0x0000000086500000|100%| E|CS|TAMS 0x0000000086400000, 0x0000000086400000| Complete 
|  87|0x0000000086500000, 0x0000000086600000, 0x0000000086600000|100%| E|CS|TAMS 0x0000000086500000, 0x0000000086500000| Complete 
|  88|0x0000000086600000, 0x0000000086700000, 0x0000000086700000|100%| E|CS|TAMS 0x0000000086600000, 0x0000000086600000| Complete 
|  89|0x0000000086700000, 0x0000000086800000, 0x0000000086800000|100%| E|CS|TAMS 0x0000000086700000, 0x0000000086700000| Complete 
|  90|0x0000000086800000, 0x0000000086900000, 0x0000000086900000|100%| E|CS|TAMS 0x0000000086800000, 0x0000000086800000| Complete 
|  91|0x0000000086900000, 0x0000000086a00000, 0x0000000086a00000|100%| E|CS|TAMS 0x0000000086900000, 0x0000000086900000| Complete 
|  92|0x0000000086a00000, 0x0000000086b00000, 0x0000000086b00000|100%| E|CS|TAMS 0x0000000086a00000, 0x0000000086a00000| Complete 
|  93|0x0000000086b00000, 0x0000000086c00000, 0x0000000086c00000|100%| E|CS|TAMS 0x0000000086b00000, 0x0000000086b00000| Complete 
|  94|0x0000000086c00000, 0x0000000086d00000, 0x0000000086d00000|100%| E|CS|TAMS 0x0000000086c00000, 0x0000000086c00000| Complete 
|  95|0x0000000086d00000, 0x0000000086e00000, 0x0000000086e00000|100%| E|CS|TAMS 0x0000000086d00000, 0x0000000086d00000| Complete 
|  96|0x0000000086e00000, 0x0000000086f00000, 0x0000000086f00000|100%| E|CS|TAMS 0x0000000086e00000, 0x0000000086e00000| Complete 
|  97|0x0000000086f00000, 0x0000000087000000, 0x0000000087000000|100%| E|CS|TAMS 0x0000000086f00000, 0x0000000086f00000| Complete 
|  98|0x0000000087000000, 0x0000000087100000, 0x0000000087100000|100%| E|CS|TAMS 0x0000000087000000, 0x0000000087000000| Complete 
|  99|0x0000000087100000, 0x0000000087200000, 0x0000000087200000|100%| E|CS|TAMS 0x0000000087100000, 0x0000000087100000| Complete 
| 100|0x0000000087200000, 0x0000000087300000, 0x0000000087300000|100%| E|CS|TAMS 0x0000000087200000, 0x0000000087200000| Complete 
| 101|0x0000000087300000, 0x0000000087400000, 0x0000000087400000|100%| E|CS|TAMS 0x0000000087300000, 0x0000000087300000| Complete 
| 102|0x0000000087400000, 0x0000000087500000, 0x0000000087500000|100%| E|CS|TAMS 0x0000000087400000, 0x0000000087400000| Complete 
| 103|0x0000000087500000, 0x0000000087600000, 0x0000000087600000|100%| E|CS|TAMS 0x0000000087500000, 0x0000000087500000| Complete 
| 104|0x0000000087600000, 0x0000000087700000, 0x0000000087700000|100%| E|CS|TAMS 0x0000000087600000, 0x0000000087600000| Complete 
| 105|0x0000000087700000, 0x0000000087800000, 0x0000000087800000|100%| E|CS|TAMS 0x0000000087700000, 0x0000000087700000| Complete 
| 106|0x0000000087800000, 0x0000000087900000, 0x0000000087900000|100%| E|CS|TAMS 0x0000000087800000, 0x0000000087800000| Complete 
| 107|0x0000000087900000, 0x0000000087a00000, 0x0000000087a00000|100%| E|CS|TAMS 0x0000000087900000, 0x0000000087900000| Complete 
| 108|0x0000000087a00000, 0x0000000087b00000, 0x0000000087b00000|100%| E|CS|TAMS 0x0000000087a00000, 0x0000000087a00000| Complete 
| 109|0x0000000087b00000, 0x0000000087c00000, 0x0000000087c00000|100%| E|CS|TAMS 0x0000000087b00000, 0x0000000087b00000| Complete 
| 110|0x0000000087c00000, 0x0000000087d00000, 0x0000000087d00000|100%| E|CS|TAMS 0x0000000087c00000, 0x0000000087c00000| Complete 
| 111|0x0000000087d00000, 0x0000000087e00000, 0x0000000087e00000|100%| E|CS|TAMS 0x0000000087d00000, 0x0000000087d00000| Complete 
| 112|0x0000000087e00000, 0x0000000087f00000, 0x0000000087f00000|100%| E|CS|TAMS 0x0000000087e00000, 0x0000000087e00000| Complete 
| 113|0x0000000087f00000, 0x0000000088000000, 0x0000000088000000|100%| E|CS|TAMS 0x0000000087f00000, 0x0000000087f00000| Complete 
| 114|0x0000000088000000, 0x0000000088100000, 0x0000000088100000|100%| E|CS|TAMS 0x0000000088000000, 0x0000000088000000| Complete 
| 115|0x0000000088100000, 0x0000000088200000, 0x0000000088200000|100%| E|CS|TAMS 0x0000000088100000, 0x0000000088100000| Complete 
| 116|0x0000000088200000, 0x0000000088300000, 0x0000000088300000|100%| E|CS|TAMS 0x0000000088200000, 0x0000000088200000| Complete 
| 117|0x0000000088300000, 0x0000000088400000, 0x0000000088400000|100%| E|CS|TAMS 0x0000000088300000, 0x0000000088300000| Complete 
| 118|0x0000000088400000, 0x0000000088500000, 0x0000000088500000|100%| E|CS|TAMS 0x0000000088400000, 0x0000000088400000| Complete 
| 119|0x0000000088500000, 0x0000000088600000, 0x0000000088600000|100%| E|CS|TAMS 0x0000000088500000, 0x0000000088500000| Complete 
| 120|0x0000000088600000, 0x0000000088700000, 0x0000000088700000|100%| E|CS|TAMS 0x0000000088600000, 0x0000000088600000| Complete 
| 121|0x0000000088700000, 0x0000000088800000, 0x0000000088800000|100%| E|CS|TAMS 0x0000000088700000, 0x0000000088700000| Complete 
| 122|0x0000000088800000, 0x0000000088900000, 0x0000000088900000|100%| E|CS|TAMS 0x0000000088800000, 0x0000000088800000| Complete 
| 123|0x0000000088900000, 0x0000000088a00000, 0x0000000088a00000|100%| E|CS|TAMS 0x0000000088900000, 0x0000000088900000| Complete 
| 124|0x0000000088a00000, 0x0000000088b00000, 0x0000000088b00000|100%| E|CS|TAMS 0x0000000088a00000, 0x0000000088a00000| Complete 
| 125|0x0000000088b00000, 0x0000000088c00000, 0x0000000088c00000|100%| E|CS|TAMS 0x0000000088b00000, 0x0000000088b00000| Complete 
| 126|0x0000000088c00000, 0x0000000088d00000, 0x0000000088d00000|100%| E|CS|TAMS 0x0000000088c00000, 0x0000000088c00000| Complete 
| 127|0x0000000088d00000, 0x0000000088e00000, 0x0000000088e00000|100%| E|CS|TAMS 0x0000000088d00000, 0x0000000088d00000| Complete 

Card table byte_map: [0x000001ae34b70000,0x000001ae34f70000] _byte_map_base: 0x000001ae34769000

Marking Bits (Prev, Next): (CMBitMap*) 0x000001ae1d081188, (CMBitMap*) 0x000001ae1d0811c8
 Prev Bits: [0x000001ae35370000, 0x000001ae37338000)
 Next Bits: [0x000001ae37340000, 0x000001ae39308000)

Polling page: 0x000001ae1afb0000

Metaspace:

Usage:
  Non-class:     17.65 MB capacity,    17.20 MB ( 97%) used,   382.20 KB (  2%) free+waste,    71.38 KB ( <1%) overhead. 
      Class:      2.28 MB capacity,     2.04 MB ( 89%) used,   217.08 KB (  9%) free+waste,    32.38 KB (  1%) overhead. 
       Both:     19.93 MB capacity,    19.25 MB ( 97%) used,   599.27 KB (  3%) free+waste,   103.75 KB ( <1%) overhead. 

Virtual space:
  Non-class space:       18.00 MB reserved,      17.75 MB ( 99%) committed 
      Class space:        1.00 GB reserved,       2.38 MB ( <1%) committed 
             Both:        1.02 GB reserved,      20.13 MB (  2%) committed 

Chunk freelists:
   Non-Class:  5.13 KB
       Class:  0 bytes
        Both:  5.13 KB

CodeHeap 'non-profiled nmethods': size=120000Kb used=1693Kb max_used=1693Kb free=118306Kb
 bounds [0x000001ae2cf10000, 0x000001ae2d180000, 0x000001ae34440000]
CodeHeap 'profiled nmethods': size=120000Kb used=9275Kb max_used=9275Kb free=110724Kb
 bounds [0x000001ae259e0000, 0x000001ae262f0000, 0x000001ae2cf10000]
CodeHeap 'non-nmethods': size=5760Kb used=1206Kb max_used=1249Kb free=4553Kb
 bounds [0x000001ae25440000, 0x000001ae256b0000, 0x000001ae259e0000]
 total_blobs=5663 nmethods=4099 adapters=470
 compilation: enabled
              stopped_count=0, restarted_count=0
 full_count=0

Compilation events (10 events):
Event: 181.582 Thread 0x000001ae3bd6a000 nmethod 4097 0x000001ae262ec510 code [0x000001ae262ec780, 0x000001ae262ed5b8]
Event: 181.597 Thread 0x000001ae3bd61800 4100       4       sun.font.ScriptRun::next (362 bytes)
Event: 181.603 Thread 0x000001ae3bd61800 nmethod 4100 0x000001ae2d0b6a90 code [0x000001ae2d0b6c60, 0x000001ae2d0b7158]
Event: 181.603 Thread 0x000001ae3bd61800 4099       4       java.awt.font.TextLayout::<init> (201 bytes)
Event: 181.612 Thread 0x000001ae3bd6a000 4102       3       java.util.Date::<init> (10 bytes)
Event: 181.612 Thread 0x000001ae3bd6a000 nmethod 4102 0x000001ae262edc90 code [0x000001ae262ede40, 0x000001ae262ee018]
Event: 181.624 Thread 0x000001ae3bd6a000 4103       3       org.apache.poi.util.StringUtil::putCompressedUnicode (16 bytes)
Event: 181.624 Thread 0x000001ae3bd6a000 nmethod 4103 0x000001ae262ee110 code [0x000001ae262ee300, 0x000001ae262ee660]
Event: 181.625 Thread 0x000001ae3bd6a000 4104       3       org.apache.poi.poifs.filesystem.NPOIFSFileSystem::getBlockStoreBlockSize (5 bytes)
Event: 181.625 Thread 0x000001ae3bd6a000 nmethod 4104 0x000001ae262ee810 code [0x000001ae262ee9e0, 0x000001ae262eec78]

GC Heap History (8 events):
Event: 1.029 GC heap before
{Heap before GC invocations=0 (full 0):
 garbage-first heap   total 131072K, used 24576K [0x0000000080e00000, 0x0000000100000000)
  region size 1024K, 24 young (24576K), 0 survivors (0K)
 Metaspace       used 8648K, capacity 8890K, committed 9088K, reserved 1056768K
  class space    used 971K, capacity 1045K, committed 1152K, reserved 1048576K
}
Event: 1.036 GC heap after
{Heap after GC invocations=1 (full 0):
 garbage-first heap   total 131072K, used 6240K [0x0000000080e00000, 0x0000000100000000)
  region size 1024K, 3 young (3072K), 3 survivors (3072K)
 Metaspace       used 8648K, capacity 8890K, committed 9088K, reserved 1056768K
  class space    used 971K, capacity 1045K, committed 1152K, reserved 1048576K
}
Event: 10.116 GC heap before
{Heap before GC invocations=1 (full 0):
 garbage-first heap   total 131072K, used 26720K [0x0000000080e00000, 0x0000000100000000)
  region size 1024K, 23 young (23552K), 3 survivors (3072K)
 Metaspace       used 13237K, capacity 13745K, committed 13824K, reserved 1060864K
  class space    used 1589K, capacity 1783K, committed 1792K, reserved 1048576K
}
Event: 10.124 GC heap after
{Heap after GC invocations=2 (full 0):
 garbage-first heap   total 131072K, used 8309K [0x0000000080e00000, 0x0000000100000000)
  region size 1024K, 2 young (2048K), 2 survivors (2048K)
 Metaspace       used 13237K, capacity 13745K, committed 13824K, reserved 1060864K
  class space    used 1589K, capacity 1783K, committed 1792K, reserved 1048576K
}
Event: 57.648 GC heap before
{Heap before GC invocations=2 (full 0):
 garbage-first heap   total 131072K, used 57461K [0x0000000080e00000, 0x0000000100000000)
  region size 1024K, 50 young (51200K), 2 survivors (2048K)
 Metaspace       used 18515K, capacity 19058K, committed 19200K, reserved 1067008K
  class space    used 2056K, capacity 2282K, committed 2304K, reserved 1048576K
}
Event: 57.651 GC heap after
{Heap after GC invocations=3 (full 0):
 garbage-first heap   total 131072K, used 9563K [0x0000000080e00000, 0x0000000100000000)
  region size 1024K, 4 young (4096K), 4 survivors (4096K)
 Metaspace       used 18515K, capacity 19058K, committed 19200K, reserved 1067008K
  class space    used 2056K, capacity 2282K, committed 2304K, reserved 1048576K
}
Event: 128.082 GC heap before
{Heap before GC invocations=3 (full 0):
 garbage-first heap   total 131072K, used 69979K [0x0000000080e00000, 0x0000000100000000)
  region size 1024K, 63 young (64512K), 4 survivors (4096K)
 Metaspace       used 19272K, capacity 19850K, committed 19968K, reserved 1067008K
  class space    used 2061K, capacity 2287K, committed 2304K, reserved 1048576K
}
Event: 128.090 GC heap after
{Heap after GC invocations=4 (full 0):
 garbage-first heap   total 131072K, used 9795K [0x0000000080e00000, 0x0000000100000000)
  region size 1024K, 4 young (4096K), 4 survivors (4096K)
 Metaspace       used 19272K, capacity 19850K, committed 19968K, reserved 1067008K
  class space    used 2061K, capacity 2287K, committed 2304K, reserved 1048576K
}

Deoptimization events (10 events):
Event: 107.086 Thread 0x000001ae1d042000 Uncommon trap: reason=profile_predicate action=maybe_recompile pc=0x000001ae2d057f7c method=org.apache.poi.hssf.record.cont.ContinuableRecordOutput.writeCharacterData(Ljava/lang/String;Z)V @ 96 c2
Event: 107.086 Thread 0x000001ae1d042000 Uncommon trap: reason=profile_predicate action=maybe_recompile pc=0x000001ae2d057f7c method=org.apache.poi.hssf.record.cont.ContinuableRecordOutput.writeCharacterData(Ljava/lang/String;Z)V @ 96 c2
Event: 115.299 Thread 0x000001ae1d042000 Uncommon trap: reason=profile_predicate action=maybe_recompile pc=0x000001ae2d065fa8 method=org.apache.poi.hssf.record.cont.ContinuableRecordOutput.writeCharacterData(Ljava/lang/String;Z)V @ 30 c2
Event: 115.299 Thread 0x000001ae1d042000 Uncommon trap: reason=profile_predicate action=maybe_recompile pc=0x000001ae2d065fa8 method=org.apache.poi.hssf.record.cont.ContinuableRecordOutput.writeCharacterData(Ljava/lang/String;Z)V @ 30 c2
Event: 156.654 Thread 0x000001ae1d042000 Uncommon trap: reason=profile_predicate action=maybe_recompile pc=0x000001ae2d09fb58 method=jdk.internal.reflect.UTF8.utf8Length(Ljava/lang/String;)I @ 11 c2
Event: 156.654 Thread 0x000001ae1d042000 Uncommon trap: reason=profile_predicate action=maybe_recompile pc=0x000001ae2d09fb58 method=jdk.internal.reflect.UTF8.utf8Length(Ljava/lang/String;)I @ 11 c2
Event: 156.654 Thread 0x000001ae1d042000 Uncommon trap: reason=profile_predicate action=maybe_recompile pc=0x000001ae2d09fb58 method=jdk.internal.reflect.UTF8.utf8Length(Ljava/lang/String;)I @ 11 c2
Event: 156.654 Thread 0x000001ae1d042000 Uncommon trap: reason=profile_predicate action=maybe_recompile pc=0x000001ae2d09fb58 method=jdk.internal.reflect.UTF8.utf8Length(Ljava/lang/String;)I @ 11 c2
Event: 162.629 Thread 0x000001ae1d042000 Uncommon trap: reason=intrinsic_or_type_checked_inlining action=make_not_entrant pc=0x000001ae2d0ac27c method=java.util.ArrayList.toArray([Ljava/lang/Object;)[Ljava/lang/Object; @ 36 c2
Event: 165.078 Thread 0x000001ae1d042000 Uncommon trap: reason=class_check action=make_not_entrant pc=0x000001ae2d0acb6c method=java.util.ArrayList.toArray([Ljava/lang/Object;)[Ljava/lang/Object; @ 21 c2

Classes redefined (0 events):
No events

Internal exceptions (10 events):
Event: 181.455 Thread 0x000001ae1d042000 Exception <a 'java/net/SocketTimeoutException'{0x0000000085db0220}: Read timed out> (0x0000000085db0220) thrown at [t:/workspace/open/src/hotspot/share/prims/jni.cpp, line 636]
Event: 181.466 Thread 0x000001ae1d042000 Exception <a 'java/net/SocketTimeoutException'{0x0000000085dc31e0}: Read timed out> (0x0000000085dc31e0) thrown at [t:/workspace/open/src/hotspot/share/prims/jni.cpp, line 636]
Event: 181.474 Thread 0x000001ae1d042000 Exception <a 'java/net/SocketTimeoutException'{0x0000000085dd61a0}: Read timed out> (0x0000000085dd61a0) thrown at [t:/workspace/open/src/hotspot/share/prims/jni.cpp, line 636]
Event: 181.487 Thread 0x000001ae1d042000 Exception <a 'java/net/SocketTimeoutException'{0x0000000085de9cb8}: Read timed out> (0x0000000085de9cb8) thrown at [t:/workspace/open/src/hotspot/share/prims/jni.cpp, line 636]
Event: 181.519 Thread 0x000001ae1d042000 Exception <a 'java/net/SocketTimeoutException'{0x0000000085c061a0}: Read timed out> (0x0000000085c061a0) thrown at [t:/workspace/open/src/hotspot/share/prims/jni.cpp, line 636]
Event: 181.527 Thread 0x000001ae1d042000 Exception <a 'java/net/SocketTimeoutException'{0x0000000085c17220}: Read timed out> (0x0000000085c17220) thrown at [t:/workspace/open/src/hotspot/share/prims/jni.cpp, line 636]
Event: 181.536 Thread 0x000001ae1d042000 Exception <a 'java/net/SocketTimeoutException'{0x0000000085c41018}: Read timed out> (0x0000000085c41018) thrown at [t:/workspace/open/src/hotspot/share/prims/jni.cpp, line 636]
Event: 181.561 Thread 0x000001ae1d042000 Exception <a 'java/net/SocketTimeoutException'{0x0000000085c5e4f8}: Read timed out> (0x0000000085c5e4f8) thrown at [t:/workspace/open/src/hotspot/share/prims/jni.cpp, line 636]
Event: 181.626 Thread 0x000001ae1d042000 Exception <a 'java/net/SocketTimeoutException'{0x0000000085bb1d50}: Read timed out> (0x0000000085bb1d50) thrown at [t:/workspace/open/src/hotspot/share/prims/jni.cpp, line 636]
Event: 181.634 Thread 0x000001ae1d042000 Exception <a 'java/net/SocketTimeoutException'{0x0000000085bc88b8}: Read timed out> (0x0000000085bc88b8) thrown at [t:/workspace/open/src/hotspot/share/prims/jni.cpp, line 636]

Events (10 events):
Event: 156.654 Thread 0x000001ae1d042000 DEOPT PACKING pc=0x000001ae2d09fb58 sp=0x000000a00effd880
Event: 156.654 Thread 0x000001ae1d042000 DEOPT UNPACKING pc=0x000001ae25469baf sp=0x000000a00effd800 mode 2
Event: 157.514 Thread 0x000001ae1d042000 DEOPT PACKING pc=0x000001ae26094fce sp=0x000000a00effd840
Event: 157.514 Thread 0x000001ae1d042000 DEOPT UNPACKING pc=0x000001ae254699ce sp=0x000000a00effcd08 mode 0
Event: 162.629 Thread 0x000001ae1d042000 Uncommon trap: trap_request=0xffffffcc fr.pc=0x000001ae2d0ac27c relative=0x000000000000013c
Event: 162.629 Thread 0x000001ae1d042000 DEOPT PACKING pc=0x000001ae2d0ac27c sp=0x000000a00effc440
Event: 162.629 Thread 0x000001ae1d042000 DEOPT UNPACKING pc=0x000001ae25469baf sp=0x000000a00effc3e0 mode 2
Event: 165.078 Thread 0x000001ae1d042000 Uncommon trap: trap_request=0xffffffdc fr.pc=0x000001ae2d0acb6c relative=0x00000000000002ac
Event: 165.078 Thread 0x000001ae1d042000 DEOPT PACKING pc=0x000001ae2d0acb6c sp=0x000000a00effde50
Event: 165.078 Thread 0x000001ae1d042000 DEOPT UNPACKING pc=0x000001ae25469baf sp=0x000000a00effde20 mode 2


Dynamic libraries:
0x00007ff6d54e0000 - 0x00007ff6d54ef000 	C:\Program Files\Java\jdk-12.0.1\bin\java.exe
0x00007fff43a30000 - 0x00007fff43c1d000 	C:\Windows\SYSTEM32\ntdll.dll
0x00007fff269e0000 - 0x00007fff269f4000 	C:\Program Files\AVAST Software\Avast\aswhook.dll
0x00007fff42680000 - 0x00007fff42733000 	C:\Windows\System32\KERNEL32.DLL
0x00007fff3fe10000 - 0x00007fff400a3000 	C:\Windows\System32\KERNELBASE.dll
0x00007fff3fb70000 - 0x00007fff3fc6a000 	C:\Windows\System32\ucrtbase.dll
0x00007fff3c380000 - 0x00007fff3c398000 	C:\Program Files\Java\jdk-12.0.1\bin\jli.dll
0x00007fff410d0000 - 0x00007fff41173000 	C:\Windows\System32\ADVAPI32.dll
0x00007fff42770000 - 0x00007fff4280e000 	C:\Windows\System32\msvcrt.dll
0x00007fff435d0000 - 0x00007fff4366e000 	C:\Windows\System32\sechost.dll
0x00007fff43040000 - 0x00007fff43162000 	C:\Windows\System32\RPCRT4.dll
0x00007fff40f30000 - 0x00007fff410c7000 	C:\Windows\System32\USER32.dll
0x00007fff400b0000 - 0x00007fff400d0000 	C:\Windows\System32\win32u.dll
0x00007fff429d0000 - 0x00007fff429f9000 	C:\Windows\System32\GDI32.dll
0x00007fff3fc70000 - 0x00007fff3fe09000 	C:\Windows\System32\gdi32full.dll
0x00007fff400d0000 - 0x00007fff40170000 	C:\Windows\System32\msvcp_win.dll
0x00007fff3b1a0000 - 0x00007fff3b1b6000 	C:\Program Files\Java\jdk-12.0.1\bin\VCRUNTIME140.dll
0x00007fff25ef0000 - 0x00007fff26169000 	C:\Windows\WinSxS\amd64_microsoft.windows.common-controls_6595b64144ccf1df_6.0.17763.771_none_05b041300723be85\COMCTL32.dll
0x00007fff432a0000 - 0x00007fff435cc000 	C:\Windows\System32\combase.dll
0x00007fff3faf0000 - 0x00007fff3fb6e000 	C:\Windows\System32\bcryptPrimitives.dll
0x00007fff3ba90000 - 0x00007fff3ba9a000 	C:\Windows\SYSTEM32\VERSION.dll
0x00007fff42a00000 - 0x00007fff42a2e000 	C:\Windows\System32\IMM32.DLL
0x00007fff23340000 - 0x00007fff233ea000 	C:\Program Files\Java\jdk-12.0.1\bin\msvcp140.dll
0x00007fff133b0000 - 0x00007fff13f24000 	C:\Program Files\Java\jdk-12.0.1\bin\server\jvm.dll
0x00007fff42740000 - 0x00007fff42748000 	C:\Windows\System32\PSAPI.DLL
0x00007fff38bf0000 - 0x00007fff38bf9000 	C:\Windows\SYSTEM32\WSOCK32.dll
0x00007fff42eb0000 - 0x00007fff42f1d000 	C:\Windows\System32\WS2_32.dll
0x00007fff34140000 - 0x00007fff34164000 	C:\Windows\SYSTEM32\WINMM.dll
0x00007fff34010000 - 0x00007fff3403d000 	C:\Windows\SYSTEM32\WINMMBASE.dll
0x00007fff403e0000 - 0x00007fff4042a000 	C:\Windows\System32\cfgmgr32.dll
0x00007fff3fa40000 - 0x00007fff3fa51000 	C:\Windows\System32\kernel.appcore.dll
0x00007fff3b130000 - 0x00007fff3b141000 	C:\Program Files\Java\jdk-12.0.1\bin\verify.dll
0x00007fff3b470000 - 0x00007fff3b65d000 	C:\Windows\SYSTEM32\DBGHELP.DLL
0x00007fff3b420000 - 0x00007fff3b44a000 	C:\Windows\SYSTEM32\dbgcore.DLL
0x00007fff3a660000 - 0x00007fff3a686000 	C:\Program Files\Java\jdk-12.0.1\bin\java.dll
0x00007fff3aff0000 - 0x00007fff3affe000 	C:\Program Files\Java\jdk-12.0.1\bin\instrument.dll
0x00007fff3ab60000 - 0x00007fff3ab77000 	C:\Program Files\Java\jdk-12.0.1\bin\zip.dll
0x00007fff3b190000 - 0x00007fff3b19a000 	C:\Program Files\Java\jdk-12.0.1\bin\jimage.dll
0x00007fff41180000 - 0x00007fff42674000 	C:\Windows\System32\SHELL32.dll
0x00007fff43820000 - 0x00007fff438c8000 	C:\Windows\System32\shcore.dll
0x00007fff40430000 - 0x00007fff40b7d000 	C:\Windows\System32\windows.storage.dll
0x00007fff3fac0000 - 0x00007fff3fae4000 	C:\Windows\System32\profapi.dll
0x00007fff3fa60000 - 0x00007fff3fabd000 	C:\Windows\System32\powrprof.dll
0x00007fff42fd0000 - 0x00007fff43022000 	C:\Windows\System32\shlwapi.dll
0x00007fff40c30000 - 0x00007fff40c47000 	C:\Windows\System32\cryptsp.dll
0x00007fff3a6e0000 - 0x00007fff3a6f9000 	C:\Program Files\Java\jdk-12.0.1\bin\net.dll
0x00007fff39d30000 - 0x00007fff39e22000 	C:\Windows\SYSTEM32\WINHTTP.dll
0x00007fff396f0000 - 0x00007fff398c7000 	C:\Windows\SYSTEM32\urlmon.dll
0x00007fff32680000 - 0x00007fff32928000 	C:\Windows\SYSTEM32\iertutil.dll
0x00007fff3f460000 - 0x00007fff3f46c000 	C:\Windows\SYSTEM32\CRYPTBASE.DLL
0x00007fff3f290000 - 0x00007fff3f2f7000 	C:\Windows\system32\mswsock.dll
0x00007fff3a640000 - 0x00007fff3a653000 	C:\Program Files\Java\jdk-12.0.1\bin\nio.dll
0x00007fff30cf0000 - 0x00007fff30d0a000 	C:\Program Files\JetBrains\IntelliJ IDEA Community Edition 2018.3\bin\breakgen64.dll
0x00007fff3ee10000 - 0x00007fff3ee43000 	C:\Windows\system32\rsaenh.dll
0x00007fff40170000 - 0x00007fff40196000 	C:\Windows\System32\bcrypt.dll
0x00007fff3f950000 - 0x00007fff3f978000 	C:\Windows\SYSTEM32\USERENV.dll
0x00007fff3efb0000 - 0x00007fff3efed000 	C:\Windows\SYSTEM32\IPHLPAPI.DLL
0x00007fff40ec0000 - 0x00007fff40ec8000 	C:\Windows\System32\NSI.dll
0x00007fff3b3c0000 - 0x00007fff3b3d6000 	C:\Windows\SYSTEM32\dhcpcsvc6.DLL
0x00007fff3b7e0000 - 0x00007fff3b7fc000 	C:\Windows\SYSTEM32\dhcpcsvc.DLL
0x00007fff3f000000 - 0x00007fff3f0c6000 	C:\Windows\SYSTEM32\DNSAPI.dll
0x00007fff3a310000 - 0x00007fff3a31a000 	C:\Windows\System32\rasadhlp.dll
0x00007fff39e50000 - 0x00007fff39ec9000 	C:\Windows\System32\fwpuclnt.dll
0x00007fff2eda0000 - 0x00007fff2edc7000 	C:\Program Files\Java\jdk-12.0.1\bin\sunec.dll
0x00007fff3ac00000 - 0x00007fff3ac0e000 	C:\Program Files\Java\jdk-12.0.1\bin\sunmscapi.dll
0x00007fff40200000 - 0x00007fff403db000 	C:\Windows\System32\CRYPT32.dll
0x00007fff3fa20000 - 0x00007fff3fa32000 	C:\Windows\System32\MSASN1.dll
0x00007fff3f560000 - 0x00007fff3f586000 	C:\Windows\SYSTEM32\ncrypt.dll
0x00007fff3f520000 - 0x00007fff3f55c000 	C:\Windows\SYSTEM32\NTASN1.dll
0x00007fff11a10000 - 0x00007fff11baf000 	C:\Program Files\Java\jdk-12.0.1\bin\awt.dll
0x00007fff43930000 - 0x00007fff439f4000 	C:\Windows\System32\OLEAUT32.dll
0x00007fff3cfb0000 - 0x00007fff3d56e000 	C:\Windows\SYSTEM32\d2d1.dll
0x00007fff3dd50000 - 0x00007fff3dddc000 	C:\Windows\SYSTEM32\apphelp.dll
0x00007fff232c0000 - 0x00007fff23340000 	C:\Program Files\Java\jdk-12.0.1\bin\freetype.dll
0x00007fff24890000 - 0x00007fff248ff000 	C:\Program Files\Java\jdk-12.0.1\bin\fontmanager.dll

dbghelp: loaded successfully - version: 4.0.5 - missing functions: none
symbol engine: initialized successfully - sym options: 0x614 - pdb path: .;C:\Program Files\Java\jdk-12.0.1\bin;C:\Windows\SYSTEM32;C:\Program Files\AVAST Software\Avast;C:\Windows\WinSxS\amd64_microsoft.windows.common-controls_6595b64144ccf1df_6.0.17763.771_none_05b041300723be85;C:\Program Files\Java\jdk-12.0.1\bin\server;C:\Program Files\JetBrains\IntelliJ IDEA Community Edition 2018.3\bin

VM Arguments:
jvm_args: -ea -Didea.test.cyclic.buffer.size=1048576 -javaagent:C:\Program Files\JetBrains\IntelliJ IDEA Community Edition 2018.3\lib\idea_rt.jar=55503:C:\Program Files\JetBrains\IntelliJ IDEA Community Edition 2018.3\bin -Dfile.encoding=UTF-8 
java_command: org.testng.RemoteTestNGStarter -usedefaultlisteners false -socket55502 @w@C:\Users\Максим\AppData\Local\Temp\idea_working_dirs_testng.tmp -temp C:\Users\Максим\AppData\Local\Temp\idea_testng.tmp
java_class_path (initial): C:\Program Files\JetBrains\IntelliJ IDEA Community Edition 2018.3\lib\idea_rt.jar;C:\Program Files\JetBrains\IntelliJ IDEA Community Edition 2018.3\plugins\testng\lib\testng-plugin.jar;C:\Users\Максим\Desktop\Instagram_5.0\target\test-classes;C:\Users\Максим\Desktop\Instagram_5.0\target\classes;C:\Users\Максим\.m2\repository\org\seleniumhq\selenium\selenium-java\3.141.59\selenium-java-3.141.59.jar;C:\Users\Максим\.m2\repository\org\seleniumhq\selenium\selenium-api\3.141.59\selenium-api-3.141.59.jar;C:\Users\Максим\.m2\repository\org\seleniumhq\selenium\selenium-chrome-driver\3.141.59\selenium-chrome-driver-3.141.59.jar;C:\Users\Максим\.m2\repository\org\seleniumhq\selenium\selenium-edge-driver\3.141.59\selenium-edge-driver-3.141.59.jar;C:\Users\Максим\.m2\repository\org\seleniumhq\selenium\selenium-firefox-driver\3.141.59\selenium-firefox-driver-3.141.59.jar;C:\Users\Максим\.m2\repository\org\seleniumhq\selenium\selenium-ie-driver\3.141.59\selenium-ie-driver-3.141.59.jar;C:\Users\Максим\.m2\repository\org\seleniumhq\selenium\selenium-opera-driver\3.141.59\selenium-opera-driver-3.141.59.jar;C:\Users\Максим\.m2\repository\org\seleniumhq\selenium\selenium-remote-driver\3.141.59\selenium-remote-driver-3.141.59.jar;C:\Users\Максим\.m2\repository\org\seleniumhq\selenium\selenium-safari-driver\3.141.59\selenium-safari-driver-3.141.59.jar;C:\Users\Максим\.m2\repository\org\seleniumhq\selenium\selenium-support\3.141.59\selenium-support-3.141.59.jar;C:\Users\Максим\.m2\repository\net\bytebuddy\byte-buddy\1.8.15\byte-buddy-1.8.15.jar;C:\Users\Максим\.m2\repository\org\apache\commons\commons-exec\1.3\commons-exec-1.3.jar;C:\Users\Максим\.m2\repository\com\google\guava\guava\25.0-jre\guava-25.0-jre.jar;C:\Users\Максим\.m2\repository\com\google\code\findbugs\jsr305\1.3.9\jsr305-1.3.9.jar;C:\Users\Максим\.m2\repository\org\checkerframework\checker-compat-qual\2.0.0\checker-compat-qual-2.0.0.jar;C:\Users\Максим\.m2\repository\com\google\errorprone\error
Launcher Type: SUN_STANDARD

[Global flags]
     intx CICompilerCount                          = 4                                         {product} {ergonomic}
     uint ConcGCThreads                            = 2                                         {product} {ergonomic}
     uint G1ConcRefinementThreads                  = 8                                         {product} {ergonomic}
   size_t G1HeapRegionSize                         = 1048576                                   {product} {ergonomic}
    uintx GCDrainStackTargetSize                   = 64                                        {product} {ergonomic}
   size_t InitialHeapSize                          = 134217728                                 {product} {ergonomic}
   size_t MarkStackSize                            = 4194304                                   {product} {ergonomic}
   size_t MaxHeapSize                              = 2132803584                                {product} {ergonomic}
   size_t MaxNewSize                               = 1279262720                                {product} {ergonomic}
   size_t MinHeapDeltaBytes                        = 1048576                                   {product} {ergonomic}
    uintx NonNMethodCodeHeapSize                   = 5836300                                {pd product} {ergonomic}
    uintx NonProfiledCodeHeapSize                  = 122910970                              {pd product} {ergonomic}
    uintx ProfiledCodeHeapSize                     = 122910970                              {pd product} {ergonomic}
    uintx ReservedCodeCacheSize                    = 251658240                              {pd product} {ergonomic}
     bool SegmentedCodeCache                       = true                                      {product} {ergonomic}
     bool UseCompressedClassPointers               = true                                 {lp64_product} {ergonomic}
     bool UseCompressedOops                        = true                                 {lp64_product} {ergonomic}
     bool UseG1GC                                  = true                                      {product} {ergonomic}
     bool UseLargePagesIndividualAllocation        = false                                  {pd product} {ergonomic}

Logging:
Log output configuration:
 #0: stdout all=warning uptime,level,tags
 #1: stderr all=off uptime,level,tags

Environment Variables:
JAVA_HOME=C:\Program Files\Java\jdk-12.0.1
PATH=C:\Program Files (x86)\Cuminas\Document Express DjVu Plug-in\;C:\Windows\system32;C:\Windows;C:\Windows\System32\Wbem;C:\Windows\System32\WindowsPowerShell\v1.0\;C:\Windows\System32\OpenSSH\;C:\Program Files\Java\jdk-12.0.1\bin;C:\Users\Максим\AppData\Local\Microsoft\WindowsApps;C:\Program Files\apache-maven-3.6.1\bin;C:\Users\Максим\AppData\Local\GitHubDesktop\bin
USERNAME=Максим
OS=Windows_NT
PROCESSOR_IDENTIFIER=Intel64 Family 6 Model 158 Stepping 9, GenuineIntel



---------------  S Y S T E M  ---------------

OS: Windows 10 , 64 bit Build 17763 (10.0.17763.475)

CPU:total 8 (initial active 8) (4 cores per cpu, 2 threads per core) family 6 model 158 stepping 9, cmov, cx8, fxsr, mmx, sse, sse2, sse3, ssse3, sse4.1, sse4.2, popcnt, avx, avx2, aes, clmul, erms, rtm, 3dnowpref, lzcnt, ht, tsc, tscinvbit, bmi1, bmi2, adx, fma

Memory: 4k page, system-wide physical 8131M (310M free)
TotalPageFile size 32707M (AvailPageFile size 0M)
current process WorkingSet (physical memory assigned to process): 155M, peak: 168M
current process commit charge ("private bytes"): 259M, peak: 261M

vm_info: Java HotSpot(TM) 64-Bit Server VM (12.0.1+12) for windows-amd64 JRE (12.0.1+12), built on Apr  2 2019 14:02:19 by "mach5one" with MS VC++ 15.5 (VS2017)

END.
