#
# There is insufficient memory for the Java Runtime Environment to continue.
# Native memory allocation (malloc) failed to allocate 79216 bytes for Chunk::new
# Possible reasons:
#   The system is out of physical RAM or swap space
#   The process is running with CompressedOops enabled, and the Java Heap may be blocking the growth of the native heap
# Possible solutions:
#   Reduce memory load on the system
#   Increase physical memory or swap space
#   Check if swap backing store is full
#   Decrease Java heap size (-Xmx/-Xms)
#   Decrease number of Java threads
#   Decrease Java thread stack sizes (-Xss)
#   Set larger code cache with -XX:ReservedCodeCacheSize=
#   JVM is running with Unscaled Compressed Oops mode in which the Java heap is
#     placed in the first 4GB address space. The Java Heap base address is the
#     maximum limit for the native heap growth. Please use -XX:HeapBaseMinAddress
#     to set the Java Heap base and to place the Java Heap above 4GB virtual address.
# This output file may be truncated or incomplete.
#
#  Out of Memory Error (t:/workspace/open/src/hotspot/share/memory/arena.cpp:197), pid=38324, tid=30084
#
# JRE version: Java(TM) SE Runtime Environment (12.0.1+12) (build 12.0.1+12)
# Java VM: Java HotSpot(TM) 64-Bit Server VM (12.0.1+12, mixed mode, sharing, tiered, compressed oops, g1 gc, windows-amd64)
# No core dump will be written. Minidumps are not enabled by default on client versions of Windows
#

---------------  S U M M A R Y ------------

Command Line: -ea -Didea.test.cyclic.buffer.size=1048576 -javaagent:C:\Program Files\JetBrains\IntelliJ IDEA Community Edition 2018.3\lib\idea_rt.jar=57959:C:\Program Files\JetBrains\IntelliJ IDEA Community Edition 2018.3\bin -Dfile.encoding=UTF-8 org.testng.RemoteTestNGStarter -usedefaultlisteners false -socket57958 @w@C:\Users\Максим\AppData\Local\Temp\idea_working_dirs_testng.tmp -temp C:\Users\Максим\AppData\Local\Temp\idea_testng.tmp

Host: Intel(R) Core(TM) i7-7700 CPU @ 3.60GHz, 8 cores, 7G,  Windows 10 , 64 bit Build 17763 (10.0.17763.475)
Time: Fri Feb 21 11:26:37 2020 FLE Standard Time elapsed time: 0 seconds (0d 0h 0m 0s)

---------------  T H R E A D  ---------------

Current thread (0x000001d00713b000):  JavaThread "C2 CompilerThread1" daemon [_thread_in_native, id=30084, stack(0x0000000e0c800000,0x0000000e0c900000)]


Current CompileTask:
C2:    602  841       4       java.util.HashMap::put (13 bytes)

Stack: [0x0000000e0c800000,0x0000000e0c900000]
Native frames: (J=compiled Java code, j=interpreted, Vv=VM code, C=native code)
V  [jvm.dll+0x63948a]
V  [jvm.dll+0x78b31f]
V  [jvm.dll+0x78c9c1]
V  [jvm.dll+0x78d013]
V  [jvm.dll+0x262138]
V  [jvm.dll+0xc582c]
V  [jvm.dll+0xc5dac]
V  [jvm.dll+0x379662]
V  [jvm.dll+0x1aeab0]
V  [jvm.dll+0x21c142]
V  [jvm.dll+0x21b20a]
V  [jvm.dll+0x199890]
V  [jvm.dll+0x22a534]
V  [jvm.dll+0x228b88]
V  [jvm.dll+0x74f660]
V  [jvm.dll+0x748648]
V  [jvm.dll+0x638566]
C  [ucrtbase.dll+0x21ffa]
C  [KERNEL32.DLL+0x17974]
C  [ntdll.dll+0x6a261]


---------------  P R O C E S S  ---------------

Threads class SMR info:
_java_thread_list=0x000001d006f186c0, length=12, elements={
0x000001d0656aa800, 0x000001d006378800, 0x000001d00637b800, 0x000001d006396000,
0x000001d006399000, 0x000001d00639b000, 0x000001d0063a2000, 0x000001d0063af800,
0x000001d006361800, 0x000001d006e7d800, 0x000001d006e7e800, 0x000001d00713b000
}

Java Threads: ( => current thread )
  0x000001d0656aa800 JavaThread "main" [_thread_in_vm, id=23172, stack(0x0000000e0b600000,0x0000000e0b700000)]
  0x000001d006378800 JavaThread "Reference Handler" daemon [_thread_blocked, id=21316, stack(0x0000000e0bd00000,0x0000000e0be00000)]
  0x000001d00637b800 JavaThread "Finalizer" daemon [_thread_blocked, id=38068, stack(0x0000000e0be00000,0x0000000e0bf00000)]
  0x000001d006396000 JavaThread "Signal Dispatcher" daemon [_thread_blocked, id=22780, stack(0x0000000e0bf00000,0x0000000e0c000000)]
  0x000001d006399000 JavaThread "Attach Listener" daemon [_thread_blocked, id=17496, stack(0x0000000e0c000000,0x0000000e0c100000)]
  0x000001d00639b000 JavaThread "C2 CompilerThread0" daemon [_thread_in_native, id=19384, stack(0x0000000e0c100000,0x0000000e0c200000)]
  0x000001d0063a2000 JavaThread "C1 CompilerThread0" daemon [_thread_blocked, id=10316, stack(0x0000000e0c200000,0x0000000e0c300000)]
  0x000001d0063af800 JavaThread "Sweeper thread" daemon [_thread_blocked, id=28432, stack(0x0000000e0c300000,0x0000000e0c400000)]
  0x000001d006361800 JavaThread "Common-Cleaner" daemon [_thread_blocked, id=5640, stack(0x0000000e0c400000,0x0000000e0c500000)]
  0x000001d006e7d800 JavaThread "Monitor Ctrl-Break" daemon [_thread_in_native, id=29784, stack(0x0000000e0c500000,0x0000000e0c600000)]
  0x000001d006e7e800 JavaThread "Service Thread" daemon [_thread_blocked, id=29700, stack(0x0000000e0c600000,0x0000000e0c700000)]
=>0x000001d00713b000 JavaThread "C2 CompilerThread1" daemon [_thread_in_native, id=30084, stack(0x0000000e0c800000,0x0000000e0c900000)]

Other Threads:
  0x000001d006377000 VMThread "VM Thread" [stack: 0x0000000e0bc00000,0x0000000e0bd00000] [id=30672]
  0x000001d006e82000 WatcherThread [stack: 0x0000000e0c700000,0x0000000e0c800000] [id=752]
  0x000001d0656e7800 GCTaskThread "GC Thread#0" [stack: 0x0000000e0b700000,0x0000000e0b800000] [id=28000]
  0x000001d0656f4800 ConcurrentGCThread "G1 Main Marker" [stack: 0x0000000e0b800000,0x0000000e0b900000] [id=684]
  0x000001d0656f6800 ConcurrentGCThread "G1 Conc#0" [stack: 0x0000000e0b900000,0x0000000e0ba00000] [id=1276]
  0x000001d06576e800 ConcurrentGCThread "G1 Refine#0" [stack: 0x0000000e0ba00000,0x0000000e0bb00000] [id=32104]
  0x000001d0061ec800 ConcurrentGCThread "G1 Young RemSet Sampling" [stack: 0x0000000e0bb00000,0x0000000e0bc00000] [id=8096]

Threads with active compile tasks:
C2 CompilerThread0   878   !   4       jdk.internal.loader.URLClassPath$JarLoader::ensureOpen (36 bytes)
C2 CompilerThread1   841       4       java.util.HashMap::put (13 bytes)

VM state:not at safepoint (normal execution)

VM Mutex/Monitor currently owned by a thread: None

Heap address: 0x0000000080e00000, size: 2034 MB, Compressed Oops mode: 32-bit
Narrow klass base: 0x0000000800000000, Narrow klass shift: 3
Compressed class space size: 1073741824 Address: 0x00000008011a0000

Heap:
 garbage-first heap   total 131072K, used 15360K [0x0000000080e00000, 0x0000000100000000)
  region size 1024K, 16 young (16384K), 0 survivors (0K)
 Metaspace       used 5306K, capacity 6340K, committed 6656K, reserved 1056768K
  class space    used 582K, capacity 667K, committed 768K, reserved 1048576K
Heap Regions: E=young(eden), S=young(survivor), O=old, HS=humongous(starts), HC=humongous(continues), CS=collection set, F=free, A=archive, TAMS=top-at-mark-start (previous, next)
|   0|0x0000000080e00000, 0x0000000080f00000, 0x0000000080f00000|100%|HS|  |TAMS 0x0000000080e00000, 0x0000000080e00000| Complete 
|   1|0x0000000080f00000, 0x0000000080f00000, 0x0000000081000000|  0%| F|  |TAMS 0x0000000080f00000, 0x0000000080f00000| Untracked 
|   2|0x0000000081000000, 0x0000000081000000, 0x0000000081100000|  0%| F|  |TAMS 0x0000000081000000, 0x0000000081000000| Untracked 
|   3|0x0000000081100000, 0x0000000081100000, 0x0000000081200000|  0%| F|  |TAMS 0x0000000081100000, 0x0000000081100000| Untracked 
|   4|0x0000000081200000, 0x0000000081200000, 0x0000000081300000|  0%| F|  |TAMS 0x0000000081200000, 0x0000000081200000| Untracked 
|   5|0x0000000081300000, 0x0000000081300000, 0x0000000081400000|  0%| F|  |TAMS 0x0000000081300000, 0x0000000081300000| Untracked 
|   6|0x0000000081400000, 0x0000000081400000, 0x0000000081500000|  0%| F|  |TAMS 0x0000000081400000, 0x0000000081400000| Untracked 
|   7|0x0000000081500000, 0x0000000081500000, 0x0000000081600000|  0%| F|  |TAMS 0x0000000081500000, 0x0000000081500000| Untracked 
|   8|0x0000000081600000, 0x0000000081600000, 0x0000000081700000|  0%| F|  |TAMS 0x0000000081600000, 0x0000000081600000| Untracked 
|   9|0x0000000081700000, 0x0000000081700000, 0x0000000081800000|  0%| F|  |TAMS 0x0000000081700000, 0x0000000081700000| Untracked 
|  10|0x0000000081800000, 0x0000000081800000, 0x0000000081900000|  0%| F|  |TAMS 0x0000000081800000, 0x0000000081800000| Untracked 
|  11|0x0000000081900000, 0x0000000081900000, 0x0000000081a00000|  0%| F|  |TAMS 0x0000000081900000, 0x0000000081900000| Untracked 
|  12|0x0000000081a00000, 0x0000000081a00000, 0x0000000081b00000|  0%| F|  |TAMS 0x0000000081a00000, 0x0000000081a00000| Untracked 
|  13|0x0000000081b00000, 0x0000000081b00000, 0x0000000081c00000|  0%| F|  |TAMS 0x0000000081b00000, 0x0000000081b00000| Untracked 
|  14|0x0000000081c00000, 0x0000000081c00000, 0x0000000081d00000|  0%| F|  |TAMS 0x0000000081c00000, 0x0000000081c00000| Untracked 
|  15|0x0000000081d00000, 0x0000000081d00000, 0x0000000081e00000|  0%| F|  |TAMS 0x0000000081d00000, 0x0000000081d00000| Untracked 
|  16|0x0000000081e00000, 0x0000000081e00000, 0x0000000081f00000|  0%| F|  |TAMS 0x0000000081e00000, 0x0000000081e00000| Untracked 
|  17|0x0000000081f00000, 0x0000000081f00000, 0x0000000082000000|  0%| F|  |TAMS 0x0000000081f00000, 0x0000000081f00000| Untracked 
|  18|0x0000000082000000, 0x0000000082000000, 0x0000000082100000|  0%| F|  |TAMS 0x0000000082000000, 0x0000000082000000| Untracked 
|  19|0x0000000082100000, 0x0000000082100000, 0x0000000082200000|  0%| F|  |TAMS 0x0000000082100000, 0x0000000082100000| Untracked 
|  20|0x0000000082200000, 0x0000000082200000, 0x0000000082300000|  0%| F|  |TAMS 0x0000000082200000, 0x0000000082200000| Untracked 
|  21|0x0000000082300000, 0x0000000082300000, 0x0000000082400000|  0%| F|  |TAMS 0x0000000082300000, 0x0000000082300000| Untracked 
|  22|0x0000000082400000, 0x0000000082400000, 0x0000000082500000|  0%| F|  |TAMS 0x0000000082400000, 0x0000000082400000| Untracked 
|  23|0x0000000082500000, 0x0000000082500000, 0x0000000082600000|  0%| F|  |TAMS 0x0000000082500000, 0x0000000082500000| Untracked 
|  24|0x0000000082600000, 0x0000000082600000, 0x0000000082700000|  0%| F|  |TAMS 0x0000000082600000, 0x0000000082600000| Untracked 
|  25|0x0000000082700000, 0x0000000082700000, 0x0000000082800000|  0%| F|  |TAMS 0x0000000082700000, 0x0000000082700000| Untracked 
|  26|0x0000000082800000, 0x0000000082800000, 0x0000000082900000|  0%| F|  |TAMS 0x0000000082800000, 0x0000000082800000| Untracked 
|  27|0x0000000082900000, 0x0000000082900000, 0x0000000082a00000|  0%| F|  |TAMS 0x0000000082900000, 0x0000000082900000| Untracked 
|  28|0x0000000082a00000, 0x0000000082a00000, 0x0000000082b00000|  0%| F|  |TAMS 0x0000000082a00000, 0x0000000082a00000| Untracked 
|  29|0x0000000082b00000, 0x0000000082b00000, 0x0000000082c00000|  0%| F|  |TAMS 0x0000000082b00000, 0x0000000082b00000| Untracked 
|  30|0x0000000082c00000, 0x0000000082c00000, 0x0000000082d00000|  0%| F|  |TAMS 0x0000000082c00000, 0x0000000082c00000| Untracked 
|  31|0x0000000082d00000, 0x0000000082d00000, 0x0000000082e00000|  0%| F|  |TAMS 0x0000000082d00000, 0x0000000082d00000| Untracked 
|  32|0x0000000082e00000, 0x0000000082e00000, 0x0000000082f00000|  0%| F|  |TAMS 0x0000000082e00000, 0x0000000082e00000| Untracked 
|  33|0x0000000082f00000, 0x0000000082f00000, 0x0000000083000000|  0%| F|  |TAMS 0x0000000082f00000, 0x0000000082f00000| Untracked 
|  34|0x0000000083000000, 0x0000000083000000, 0x0000000083100000|  0%| F|  |TAMS 0x0000000083000000, 0x0000000083000000| Untracked 
|  35|0x0000000083100000, 0x0000000083100000, 0x0000000083200000|  0%| F|  |TAMS 0x0000000083100000, 0x0000000083100000| Untracked 
|  36|0x0000000083200000, 0x0000000083200000, 0x0000000083300000|  0%| F|  |TAMS 0x0000000083200000, 0x0000000083200000| Untracked 
|  37|0x0000000083300000, 0x0000000083300000, 0x0000000083400000|  0%| F|  |TAMS 0x0000000083300000, 0x0000000083300000| Untracked 
|  38|0x0000000083400000, 0x0000000083400000, 0x0000000083500000|  0%| F|  |TAMS 0x0000000083400000, 0x0000000083400000| Untracked 
|  39|0x0000000083500000, 0x0000000083500000, 0x0000000083600000|  0%| F|  |TAMS 0x0000000083500000, 0x0000000083500000| Untracked 
|  40|0x0000000083600000, 0x0000000083600000, 0x0000000083700000|  0%| F|  |TAMS 0x0000000083600000, 0x0000000083600000| Untracked 
|  41|0x0000000083700000, 0x0000000083700000, 0x0000000083800000|  0%| F|  |TAMS 0x0000000083700000, 0x0000000083700000| Untracked 
|  42|0x0000000083800000, 0x0000000083800000, 0x0000000083900000|  0%| F|  |TAMS 0x0000000083800000, 0x0000000083800000| Untracked 
|  43|0x0000000083900000, 0x0000000083900000, 0x0000000083a00000|  0%| F|  |TAMS 0x0000000083900000, 0x0000000083900000| Untracked 
|  44|0x0000000083a00000, 0x0000000083a00000, 0x0000000083b00000|  0%| F|  |TAMS 0x0000000083a00000, 0x0000000083a00000| Untracked 
|  45|0x0000000083b00000, 0x0000000083b00000, 0x0000000083c00000|  0%| F|  |TAMS 0x0000000083b00000, 0x0000000083b00000| Untracked 
|  46|0x0000000083c00000, 0x0000000083c00000, 0x0000000083d00000|  0%| F|  |TAMS 0x0000000083c00000, 0x0000000083c00000| Untracked 
|  47|0x0000000083d00000, 0x0000000083d00000, 0x0000000083e00000|  0%| F|  |TAMS 0x0000000083d00000, 0x0000000083d00000| Untracked 
|  48|0x0000000083e00000, 0x0000000083e00000, 0x0000000083f00000|  0%| F|  |TAMS 0x0000000083e00000, 0x0000000083e00000| Untracked 
|  49|0x0000000083f00000, 0x0000000083f00000, 0x0000000084000000|  0%| F|  |TAMS 0x0000000083f00000, 0x0000000083f00000| Untracked 
|  50|0x0000000084000000, 0x0000000084000000, 0x0000000084100000|  0%| F|  |TAMS 0x0000000084000000, 0x0000000084000000| Untracked 
|  51|0x0000000084100000, 0x0000000084100000, 0x0000000084200000|  0%| F|  |TAMS 0x0000000084100000, 0x0000000084100000| Untracked 
|  52|0x0000000084200000, 0x0000000084200000, 0x0000000084300000|  0%| F|  |TAMS 0x0000000084200000, 0x0000000084200000| Untracked 
|  53|0x0000000084300000, 0x0000000084300000, 0x0000000084400000|  0%| F|  |TAMS 0x0000000084300000, 0x0000000084300000| Untracked 
|  54|0x0000000084400000, 0x0000000084400000, 0x0000000084500000|  0%| F|  |TAMS 0x0000000084400000, 0x0000000084400000| Untracked 
|  55|0x0000000084500000, 0x0000000084500000, 0x0000000084600000|  0%| F|  |TAMS 0x0000000084500000, 0x0000000084500000| Untracked 
|  56|0x0000000084600000, 0x0000000084600000, 0x0000000084700000|  0%| F|  |TAMS 0x0000000084600000, 0x0000000084600000| Untracked 
|  57|0x0000000084700000, 0x0000000084700000, 0x0000000084800000|  0%| F|  |TAMS 0x0000000084700000, 0x0000000084700000| Untracked 
|  58|0x0000000084800000, 0x0000000084800000, 0x0000000084900000|  0%| F|  |TAMS 0x0000000084800000, 0x0000000084800000| Untracked 
|  59|0x0000000084900000, 0x0000000084900000, 0x0000000084a00000|  0%| F|  |TAMS 0x0000000084900000, 0x0000000084900000| Untracked 
|  60|0x0000000084a00000, 0x0000000084a00000, 0x0000000084b00000|  0%| F|  |TAMS 0x0000000084a00000, 0x0000000084a00000| Untracked 
|  61|0x0000000084b00000, 0x0000000084b00000, 0x0000000084c00000|  0%| F|  |TAMS 0x0000000084b00000, 0x0000000084b00000| Untracked 
|  62|0x0000000084c00000, 0x0000000084c00000, 0x0000000084d00000|  0%| F|  |TAMS 0x0000000084c00000, 0x0000000084c00000| Untracked 
|  63|0x0000000084d00000, 0x0000000084d00000, 0x0000000084e00000|  0%| F|  |TAMS 0x0000000084d00000, 0x0000000084d00000| Untracked 
|  64|0x0000000084e00000, 0x0000000084e00000, 0x0000000084f00000|  0%| F|  |TAMS 0x0000000084e00000, 0x0000000084e00000| Untracked 
|  65|0x0000000084f00000, 0x0000000084f00000, 0x0000000085000000|  0%| F|  |TAMS 0x0000000084f00000, 0x0000000084f00000| Untracked 
|  66|0x0000000085000000, 0x0000000085000000, 0x0000000085100000|  0%| F|  |TAMS 0x0000000085000000, 0x0000000085000000| Untracked 
|  67|0x0000000085100000, 0x0000000085100000, 0x0000000085200000|  0%| F|  |TAMS 0x0000000085100000, 0x0000000085100000| Untracked 
|  68|0x0000000085200000, 0x0000000085200000, 0x0000000085300000|  0%| F|  |TAMS 0x0000000085200000, 0x0000000085200000| Untracked 
|  69|0x0000000085300000, 0x0000000085300000, 0x0000000085400000|  0%| F|  |TAMS 0x0000000085300000, 0x0000000085300000| Untracked 
|  70|0x0000000085400000, 0x0000000085400000, 0x0000000085500000|  0%| F|  |TAMS 0x0000000085400000, 0x0000000085400000| Untracked 
|  71|0x0000000085500000, 0x0000000085500000, 0x0000000085600000|  0%| F|  |TAMS 0x0000000085500000, 0x0000000085500000| Untracked 
|  72|0x0000000085600000, 0x0000000085600000, 0x0000000085700000|  0%| F|  |TAMS 0x0000000085600000, 0x0000000085600000| Untracked 
|  73|0x0000000085700000, 0x0000000085700000, 0x0000000085800000|  0%| F|  |TAMS 0x0000000085700000, 0x0000000085700000| Untracked 
|  74|0x0000000085800000, 0x0000000085800000, 0x0000000085900000|  0%| F|  |TAMS 0x0000000085800000, 0x0000000085800000| Untracked 
|  75|0x0000000085900000, 0x0000000085900000, 0x0000000085a00000|  0%| F|  |TAMS 0x0000000085900000, 0x0000000085900000| Untracked 
|  76|0x0000000085a00000, 0x0000000085a00000, 0x0000000085b00000|  0%| F|  |TAMS 0x0000000085a00000, 0x0000000085a00000| Untracked 
|  77|0x0000000085b00000, 0x0000000085b00000, 0x0000000085c00000|  0%| F|  |TAMS 0x0000000085b00000, 0x0000000085b00000| Untracked 
|  78|0x0000000085c00000, 0x0000000085c00000, 0x0000000085d00000|  0%| F|  |TAMS 0x0000000085c00000, 0x0000000085c00000| Untracked 
|  79|0x0000000085d00000, 0x0000000085d00000, 0x0000000085e00000|  0%| F|  |TAMS 0x0000000085d00000, 0x0000000085d00000| Untracked 
|  80|0x0000000085e00000, 0x0000000085e00000, 0x0000000085f00000|  0%| F|  |TAMS 0x0000000085e00000, 0x0000000085e00000| Untracked 
|  81|0x0000000085f00000, 0x0000000085f00000, 0x0000000086000000|  0%| F|  |TAMS 0x0000000085f00000, 0x0000000085f00000| Untracked 
|  82|0x0000000086000000, 0x0000000086000000, 0x0000000086100000|  0%| F|  |TAMS 0x0000000086000000, 0x0000000086000000| Untracked 
|  83|0x0000000086100000, 0x0000000086100000, 0x0000000086200000|  0%| F|  |TAMS 0x0000000086100000, 0x0000000086100000| Untracked 
|  84|0x0000000086200000, 0x0000000086200000, 0x0000000086300000|  0%| F|  |TAMS 0x0000000086200000, 0x0000000086200000| Untracked 
|  85|0x0000000086300000, 0x0000000086300000, 0x0000000086400000|  0%| F|  |TAMS 0x0000000086300000, 0x0000000086300000| Untracked 
|  86|0x0000000086400000, 0x0000000086400000, 0x0000000086500000|  0%| F|  |TAMS 0x0000000086400000, 0x0000000086400000| Untracked 
|  87|0x0000000086500000, 0x0000000086500000, 0x0000000086600000|  0%| F|  |TAMS 0x0000000086500000, 0x0000000086500000| Untracked 
|  88|0x0000000086600000, 0x0000000086600000, 0x0000000086700000|  0%| F|  |TAMS 0x0000000086600000, 0x0000000086600000| Untracked 
|  89|0x0000000086700000, 0x0000000086700000, 0x0000000086800000|  0%| F|  |TAMS 0x0000000086700000, 0x0000000086700000| Untracked 
|  90|0x0000000086800000, 0x0000000086800000, 0x0000000086900000|  0%| F|  |TAMS 0x0000000086800000, 0x0000000086800000| Untracked 
|  91|0x0000000086900000, 0x0000000086900000, 0x0000000086a00000|  0%| F|  |TAMS 0x0000000086900000, 0x0000000086900000| Untracked 
|  92|0x0000000086a00000, 0x0000000086a00000, 0x0000000086b00000|  0%| F|  |TAMS 0x0000000086a00000, 0x0000000086a00000| Untracked 
|  93|0x0000000086b00000, 0x0000000086b00000, 0x0000000086c00000|  0%| F|  |TAMS 0x0000000086b00000, 0x0000000086b00000| Untracked 
|  94|0x0000000086c00000, 0x0000000086c00000, 0x0000000086d00000|  0%| F|  |TAMS 0x0000000086c00000, 0x0000000086c00000| Untracked 
|  95|0x0000000086d00000, 0x0000000086d00000, 0x0000000086e00000|  0%| F|  |TAMS 0x0000000086d00000, 0x0000000086d00000| Untracked 
|  96|0x0000000086e00000, 0x0000000086e00000, 0x0000000086f00000|  0%| F|  |TAMS 0x0000000086e00000, 0x0000000086e00000| Untracked 
|  97|0x0000000086f00000, 0x0000000086f00000, 0x0000000087000000|  0%| F|  |TAMS 0x0000000086f00000, 0x0000000086f00000| Untracked 
|  98|0x0000000087000000, 0x0000000087000000, 0x0000000087100000|  0%| F|  |TAMS 0x0000000087000000, 0x0000000087000000| Untracked 
|  99|0x0000000087100000, 0x0000000087100000, 0x0000000087200000|  0%| F|  |TAMS 0x0000000087100000, 0x0000000087100000| Untracked 
| 100|0x0000000087200000, 0x0000000087200000, 0x0000000087300000|  0%| F|  |TAMS 0x0000000087200000, 0x0000000087200000| Untracked 
| 101|0x0000000087300000, 0x0000000087300000, 0x0000000087400000|  0%| F|  |TAMS 0x0000000087300000, 0x0000000087300000| Untracked 
| 102|0x0000000087400000, 0x0000000087400000, 0x0000000087500000|  0%| F|  |TAMS 0x0000000087400000, 0x0000000087400000| Untracked 
| 103|0x0000000087500000, 0x0000000087500000, 0x0000000087600000|  0%| F|  |TAMS 0x0000000087500000, 0x0000000087500000| Untracked 
| 104|0x0000000087600000, 0x0000000087600000, 0x0000000087700000|  0%| F|  |TAMS 0x0000000087600000, 0x0000000087600000| Untracked 
| 105|0x0000000087700000, 0x0000000087700000, 0x0000000087800000|  0%| F|  |TAMS 0x0000000087700000, 0x0000000087700000| Untracked 
| 106|0x0000000087800000, 0x0000000087800000, 0x0000000087900000|  0%| F|  |TAMS 0x0000000087800000, 0x0000000087800000| Untracked 
| 107|0x0000000087900000, 0x0000000087900000, 0x0000000087a00000|  0%| F|  |TAMS 0x0000000087900000, 0x0000000087900000| Untracked 
| 108|0x0000000087a00000, 0x0000000087a00000, 0x0000000087b00000|  0%| F|  |TAMS 0x0000000087a00000, 0x0000000087a00000| Untracked 
| 109|0x0000000087b00000, 0x0000000087b00000, 0x0000000087c00000|  0%| F|  |TAMS 0x0000000087b00000, 0x0000000087b00000| Untracked 
| 110|0x0000000087c00000, 0x0000000087c00000, 0x0000000087d00000|  0%| F|  |TAMS 0x0000000087c00000, 0x0000000087c00000| Untracked 
| 111|0x0000000087d00000, 0x0000000087d00000, 0x0000000087e00000|  0%| F|  |TAMS 0x0000000087d00000, 0x0000000087d00000| Untracked 
| 112|0x0000000087e00000, 0x0000000087e7c3c8, 0x0000000087f00000| 48%| E|  |TAMS 0x0000000087e00000, 0x0000000087e00000| Complete 
| 113|0x0000000087f00000, 0x0000000088000000, 0x0000000088000000|100%| E|CS|TAMS 0x0000000087f00000, 0x0000000087f00000| Complete 
| 114|0x0000000088000000, 0x0000000088100000, 0x0000000088100000|100%| E|CS|TAMS 0x0000000088000000, 0x0000000088000000| Complete 
| 115|0x0000000088100000, 0x0000000088200000, 0x0000000088200000|100%| E|CS|TAMS 0x0000000088100000, 0x0000000088100000| Complete 
| 116|0x0000000088200000, 0x0000000088300000, 0x0000000088300000|100%| E|CS|TAMS 0x0000000088200000, 0x0000000088200000| Complete 
| 117|0x0000000088300000, 0x0000000088400000, 0x0000000088400000|100%| E|  |TAMS 0x0000000088300000, 0x0000000088300000| Complete 
| 118|0x0000000088400000, 0x0000000088500000, 0x0000000088500000|100%| E|CS|TAMS 0x0000000088400000, 0x0000000088400000| Complete 
| 119|0x0000000088500000, 0x0000000088600000, 0x0000000088600000|100%| E|CS|TAMS 0x0000000088500000, 0x0000000088500000| Complete 
| 120|0x0000000088600000, 0x0000000088700000, 0x0000000088700000|100%| E|CS|TAMS 0x0000000088600000, 0x0000000088600000| Complete 
| 121|0x0000000088700000, 0x0000000088800000, 0x0000000088800000|100%| E|CS|TAMS 0x0000000088700000, 0x0000000088700000| Complete 
| 122|0x0000000088800000, 0x0000000088900000, 0x0000000088900000|100%| E|CS|TAMS 0x0000000088800000, 0x0000000088800000| Complete 
| 123|0x0000000088900000, 0x0000000088a00000, 0x0000000088a00000|100%| E|CS|TAMS 0x0000000088900000, 0x0000000088900000| Complete 
| 124|0x0000000088a00000, 0x0000000088b00000, 0x0000000088b00000|100%| E|CS|TAMS 0x0000000088a00000, 0x0000000088a00000| Complete 
| 125|0x0000000088b00000, 0x0000000088c00000, 0x0000000088c00000|100%| E|CS|TAMS 0x0000000088b00000, 0x0000000088b00000| Complete 
| 126|0x0000000088c00000, 0x0000000088d00000, 0x0000000088d00000|100%| E|CS|TAMS 0x0000000088c00000, 0x0000000088c00000| Complete 
| 127|0x0000000088d00000, 0x0000000088e00000, 0x0000000088e00000|100%| E|CS|TAMS 0x0000000088d00000, 0x0000000088d00000| Complete 

Card table byte_map: [0x000001d07f110000,0x000001d07f510000] _byte_map_base: 0x000001d07ed09000

Marking Bits (Prev, Next): (CMBitMap*) 0x000001d0656e7d88, (CMBitMap*) 0x000001d0656e7dc8
 Prev Bits: [0x000001d000000000, 0x000001d001fc8000)
 Next Bits: [0x000001d001fd0000, 0x000001d003f98000)

Polling page: 0x000001d065770000

Metaspace:

Usage:
  Non-class:      5.54 MB capacity,     4.63 MB ( 83%) used,   929.64 KB ( 16%) free+waste,     7.13 KB ( <1%) overhead. 
      Class:    667.00 KB capacity,   585.70 KB ( 88%) used,    77.36 KB ( 12%) free+waste,     3.94 KB ( <1%) overhead. 
       Both:      6.19 MB capacity,     5.20 MB ( 84%) used,  1007.00 KB ( 16%) free+waste,    11.06 KB ( <1%) overhead. 

Virtual space:
  Non-class space:        8.00 MB reserved,       5.75 MB ( 72%) committed 
      Class space:        1.00 GB reserved,     768.00 KB ( <1%) committed 
             Both:        1.01 GB reserved,       6.50 MB ( <1%) committed 

Chunk freelists:
   Non-Class:  2.88 KB
       Class:  640 bytes
        Both:  3.50 KB

CodeHeap 'non-profiled nmethods': size=120000Kb used=306Kb max_used=306Kb free=119693Kb
 bounds [0x000001d076d70000, 0x000001d076fe0000, 0x000001d07e2a0000]
CodeHeap 'profiled nmethods': size=120000Kb used=1678Kb max_used=1678Kb free=118321Kb
 bounds [0x000001d06f840000, 0x000001d06fab0000, 0x000001d076d70000]
CodeHeap 'non-nmethods': size=5760Kb used=1121Kb max_used=1137Kb free=4638Kb
 bounds [0x000001d06f2a0000, 0x000001d06f510000, 0x000001d06f840000]
 total_blobs=1556 nmethods=903 adapters=338
 compilation: enabled
              stopped_count=0, restarted_count=0
 full_count=0

Compilation events (10 events):
Event: 0.593 Thread 0x000001d0063a2000  857       3       java.util.Vector::add (23 bytes)
Event: 0.594 Thread 0x000001d0063a2000 nmethod 857 0x000001d06f9b7b10 code [0x000001d06f9b7d20, 0x000001d06f9b8320]
Event: 0.596 Thread 0x000001d0063a2000  859       3       java.util.concurrent.ConcurrentHashMap$Node::<init> (14 bytes)
Event: 0.596 Thread 0x000001d0063a2000 nmethod 859 0x000001d06f9b8590 code [0x000001d06f9b8760, 0x000001d06f9b8ab8]
Event: 0.597 Thread 0x000001d0063a2000  861       3       java.lang.String::equalsIgnoreCase (45 bytes)
Event: 0.597 Thread 0x000001d0063a2000 nmethod 861 0x000001d06f9b8b90 code [0x000001d06f9b8da0, 0x000001d06f9b9370]
Event: 0.597 Thread 0x000001d0063a2000  863  s    3       java.util.Vector::addElement (24 bytes)
Event: 0.597 Thread 0x000001d0063a2000 nmethod 863 0x000001d06f9b9590 code [0x000001d06f9b97a0, 0x000001d06f9b9fa0]
Event: 0.599 Thread 0x000001d00639b000 nmethod 783 0x000001d076db3810 code [0x000001d076db3b00, 0x000001d076db56c8]
Event: 0.599 Thread 0x000001d00639b000  860       4       sun.net.www.ParseUtil::firstEncodeIndex (86 bytes)

GC Heap History (0 events):
No events

Deoptimization events (10 events):
Event: 0.377 Thread 0x000001d0656aa800 Uncommon trap: reason=bimorphic_or_optimized_type_check action=maybe_recompile pc=0x000001d076d7a244 method=java.util.AbstractCollection.isEmpty()Z @ 1 c2
Event: 0.377 Thread 0x000001d0656aa800 Uncommon trap: reason=bimorphic_or_optimized_type_check action=maybe_recompile pc=0x000001d076d7a244 method=java.util.AbstractCollection.isEmpty()Z @ 1 c2
Event: 0.414 Thread 0x000001d0656aa800 Uncommon trap: reason=unstable_if action=reinterpret pc=0x000001d076d91324 method=java.lang.StringLatin1.indexOf([BI[BII)I @ 80 c2
Event: 0.417 Thread 0x000001d0656aa800 Uncommon trap: reason=unstable_if action=reinterpret pc=0x000001d076d89590 method=java.io.WinNTFileSystem.isSlash(C)Z @ 9 c2
Event: 0.417 Thread 0x000001d0656aa800 Uncommon trap: reason=bimorphic_or_optimized_type_check action=maybe_recompile pc=0x000001d076d975cc method=java.util.HashMap.getNode(ILjava/lang/Object;)Ljava/util/HashMap$Node; @ 59 c2
Event: 0.428 Thread 0x000001d0656aa800 Uncommon trap: reason=bimorphic_or_optimized_type_check action=maybe_recompile pc=0x000001d076d975cc method=java.util.HashMap.getNode(ILjava/lang/Object;)Ljava/util/HashMap$Node; @ 59 c2
Event: 0.582 Thread 0x000001d0656aa800 Uncommon trap: reason=profile_predicate action=maybe_recompile pc=0x000001d076db0c24 method=jdk.internal.org.objectweb.asm.ByteVector.putUTF8(Ljava/lang/String;)Ljdk/internal/org/objectweb/asm/ByteVector; @ 79 c2
Event: 0.582 Thread 0x000001d0656aa800 Uncommon trap: reason=profile_predicate action=maybe_recompile pc=0x000001d076db0c24 method=jdk.internal.org.objectweb.asm.ByteVector.putUTF8(Ljava/lang/String;)Ljdk/internal/org/objectweb/asm/ByteVector; @ 79 c2
Event: 0.582 Thread 0x000001d0656aa800 Uncommon trap: reason=profile_predicate action=maybe_recompile pc=0x000001d076db0c24 method=jdk.internal.org.objectweb.asm.ByteVector.putUTF8(Ljava/lang/String;)Ljdk/internal/org/objectweb/asm/ByteVector; @ 79 c2
Event: 0.582 Thread 0x000001d0656aa800 Uncommon trap: reason=profile_predicate action=maybe_recompile pc=0x000001d076db0c24 method=jdk.internal.org.objectweb.asm.ByteVector.putUTF8(Ljava/lang/String;)Ljdk/internal/org/objectweb/asm/ByteVector; @ 79 c2

Classes redefined (0 events):
No events

Internal exceptions (2 events):
Event: 0.445 Thread 0x000001d0656aa800 Exception <a 'java/lang/NoSuchMethodError'{0x00000000884868d8}: java.lang.invoke.DirectMethodHandle$Holder.invokeStaticInit(Ljava/lang/Object;IIII)Ljava/lang/Object;> (0x00000000884868d8) thrown at [t:/workspace/open/src/hotspot/share/interpreter/linkReso
Event: 0.508 Thread 0x000001d0656aa800 Exception <a 'java/lang/NoSuchMethodError'{0x00000000884ab580}: java.lang.invoke.DirectMethodHandle$Holder.invokeStaticInit(Ljava/lang/Object;Ljava/lang/Object;IIII)Ljava/lang/Object;> (0x00000000884ab580) thrown at [t:/workspace/open/src/hotspot/share/in

Events (10 events):
Event: 0.596 loading class org/testng/internal/MethodInstance
Event: 0.596 loading class org/testng/internal/MethodInstance done
Event: 0.596 loading class org/testng/IMethodInstance
Event: 0.596 loading class org/testng/IMethodInstance done
Event: 0.597 loading class org/testng/internal/MethodInstance$1
Event: 0.597 loading class org/testng/internal/MethodInstance$1 done
Event: 0.598 loading class org/testng/internal/DynamicGraph
Event: 0.598 loading class org/testng/internal/DynamicGraph done
Event: 0.599 loading class org/testng/TestRunner$2
Event: 0.599 loading class org/testng/TestRunner$2 done


Dynamic libraries:
0x00007ff7b0d00000 - 0x00007ff7b0d0f000 	C:\Program Files\Java\jdk-12.0.1\bin\java.exe
0x00007ffda3e80000 - 0x00007ffda406d000 	C:\Program Files\Java\jdk-12.0.1\bin\zip.dll
0x00007ffd86800000 - 0x00007ffd86814000 	C:\Program Files\AVAST Software\Avast\aswhook.dll
0x00007ffda27e0000 - 0x00007ffda2893000 	C:\Windows\System32\KERNEL32.DLL
0x00007ffda0520000 - 0x00007ffda07b3000 	C:\Windows\System32\KERNELBASE.dll
0x00007ffd9fff0000 - 0x00007ffda00ea000 	C:\Windows\System32\ucrtbase.dll
0x00007ffd9c7e0000 - 0x00007ffd9c7f8000 	C:\Program Files\Java\jdk-12.0.1\bin\jli.dll
0x00007ffda3da0000 - 0x00007ffda3e43000 	C:\Windows\System32\ADVAPI32.dll
0x00007ffda1c50000 - 0x00007ffda1cee000 	C:\Windows\System32\msvcrt.dll
0x00007ffda2360000 - 0x00007ffda23fe000 	C:\Windows\System32\sechost.dll
0x00007ffda2400000 - 0x00007ffda2522000 	C:\Windows\SYSTEM32\ntdll.dll
0x00007ffda16b0000 - 0x00007ffda1847000 	C:\Windows\System32\KERNELBASE.dll
0x00007ffda0300000 - 0x00007ffda0320000 	C:\Program Files\Java\jdk-12.0.1\bin\jli.dll
0x00007ffda1150000 - 0x00007ffda1179000 	C:\Windows\System32\GDI32.dll
0x00007ffda0320000 - 0x00007ffda04b9000 	C:\Windows\System32\sechost.dll
0x00007ffda0840000 - 0x00007ffda08e0000 	C:\Windows\System32\USER32.dll
0x00007ffd9c7c0000 - 0x00007ffd9c7d6000 	C:\Windows\System32\win32u.dll
0x00007ffd84060000 - 0x00007ffd842d9000 	C:\Windows\WinSxS\amd64_microsoft.windows.common-controls_6595b64144ccf1df_6.0.17763.1039_none_de701650534c7021\COMCTL32.dll
0x00007ffda12b0000 - 0x00007ffda15dc000 	C:\Windows\System32\msvcp_win.dll
0x00007ffda07c0000 - 0x00007ffda083e000 	C:\Program Files\Java\jdk-12.0.1\bin\VCRUNTIME140.dll
0x00007ffd9c810000 - 0x00007ffd9c81a000 	C:\Windows\WinSxS\amd64_microsoft.windows.common-controls_6595b64144ccf1df_6.0.17763.1039_none_de701650534c7021\COMCTL32.dll
0x00007ffda1c20000 - 0x00007ffda1c4e000 	C:\Windows\System32\IMM32.DLL
0x00007ffd78120000 - 0x00007ffd781ca000 	C:\Program Files\Java\jdk-12.0.1\bin\msvcp140.dll
0x00007ffd40f10000 - 0x00007ffd41a84000 	C:\Windows\System32\IMM32.DLL
0x00007ffda1850000 - 0x00007ffda1858000 	C:\Program Files\Java\jdk-12.0.1\bin\msvcp140.dll
0x00007ffd989d0000 - 0x00007ffd989d9000 	C:\Program Files\Java\jdk-12.0.1\bin\server\jvm.dll
0x00007ffda19e0000 - 0x00007ffda1a4d000 	C:\Windows\System32\PSAPI.DLL
0x00007ffd956c0000 - 0x00007ffd956e4000 	C:\Windows\SYSTEM32\WINMM.dll
0x00007ffd955d0000 - 0x00007ffd955fd000 	C:\Windows\SYSTEM32\WINMMBASE.dll
0x00007ffda08e0000 - 0x00007ffda092a000 	C:\Windows\System32\cfgmgr32.dll
0x00007ffd9ff20000 - 0x00007ffd9ff31000 	C:\Windows\System32\kernel.appcore.dll
0x00007ffd9c7a0000 - 0x00007ffd9c7b1000 	C:\Program Files\Java\jdk-12.0.1\bin\verify.dll
0x00007ffd9b670000 - 0x00007ffd9b85d000 	C:\Windows\SYSTEM32\DBGHELP.DLL
0x00007ffd9b570000 - 0x00007ffd9b59a000 	C:\Windows\SYSTEM32\dbgcore.DLL
0x00007ffd83da0000 - 0x00007ffd83dc6000 	C:\Program Files\Java\jdk-12.0.1\bin\java.dll
0x00007ffd9bbf0000 - 0x00007ffd9bbfe000 	C:\Program Files\Java\jdk-12.0.1\bin\instrument.dll
0x00007ffd86840000 - 0x00007ffd86857000 	C:\Program Files\Java\jdk-12.0.1\bin\zip.dll
0x00007ffd99510000 - 0x00007ffd9951a000 	C:\Program Files\Java\jdk-12.0.1\bin\jimage.dll
0x00007ffda28a0000 - 0x00007ffda3d94000 	C:\Windows\System32\SHELL32.dll
0x00007ffda2170000 - 0x00007ffda2218000 	C:\Windows\System32\shcore.dll
0x00007ffda0950000 - 0x00007ffda109d000 	C:\Windows\System32\windows.storage.dll
0x00007ffd9fef0000 - 0x00007ffd9ff14000 	C:\Windows\System32\profapi.dll
0x00007ffd9fe90000 - 0x00007ffd9feed000 	C:\Windows\System32\powrprof.dll
0x00007ffda2280000 - 0x00007ffda22d2000 	C:\Windows\System32\shlwapi.dll
0x00007ffda0930000 - 0x00007ffda0947000 	C:\Windows\System32\cryptsp.dll
0x00007ffd84360000 - 0x00007ffd84379000 	C:\Program Files\Java\jdk-12.0.1\bin\net.dll
0x00007ffd996e0000 - 0x00007ffd997d2000 	C:\Windows\SYSTEM32\WINHTTP.dll
0x00007ffd998c0000 - 0x00007ffd99a98000 	C:\Windows\SYSTEM32\urlmon.dll
0x00007ffd94360000 - 0x00007ffd94608000 	C:\Windows\SYSTEM32\iertutil.dll
0x00007ffd9f8b0000 - 0x00007ffd9f8bc000 	C:\Windows\SYSTEM32\CRYPTBASE.DLL
0x00007ffd9f6e0000 - 0x00007ffd9f747000 	C:\Windows\system32\mswsock.dll
0x00007ffd842e0000 - 0x00007ffd842f3000 	C:\Program Files\Java\jdk-12.0.1\bin\nio.dll
0x00007ffd99ce0000 - 0x00007ffd99cfa000 	C:\Program Files\JetBrains\IntelliJ IDEA Community Edition 2018.3\bin\breakgen64.dll
0x00007ffd9f260000 - 0x00007ffd9f293000 	C:\Windows\system32\rsaenh.dll
0x00007ffda00f0000 - 0x00007ffda0116000 	C:\Windows\System32\bcrypt.dll
0x00007ffd9fda0000 - 0x00007ffd9fdc8000 	C:\Windows\SYSTEM32\USERENV.dll
0x00007ffd9f400000 - 0x00007ffd9f43d000 	C:\Windows\SYSTEM32\IPHLPAPI.DLL
0x00007ffda27d0000 - 0x00007ffda27d8000 	C:\Windows\System32\NSI.dll
0x00007ffd9b650000 - 0x00007ffd9b666000 	C:\Windows\SYSTEM32\dhcpcsvc6.DLL
0x00007ffd9bd10000 - 0x00007ffd9bd2c000 	C:\Windows\SYSTEM32\dhcpcsvc.DLL
0x00007ffd9f450000 - 0x00007ffd9f516000 	C:\Windows\SYSTEM32\DNSAPI.dll

dbghelp: loaded successfully - version: 4.0.5 - missing functions: none
symbol engine: initialized successfully - sym options: 0x614 - pdb path: .;C:\Program Files\Java\jdk-12.0.1\bin;C:\Windows\SYSTEM32;C:\Program Files\AVAST Software\Avast;C:\Windows\WinSxS\amd64_microsoft.windows.common-controls_6595b64144ccf1df_6.0.17763.1039_none_de701650534c7021;C:\Program Files\Java\jdk-12.0.1\bin\server;C:\Program Files\JetBrains\IntelliJ IDEA Community Edition 2018.3\bin

VM Arguments:
jvm_args: -ea -Didea.test.cyclic.buffer.size=1048576 -javaagent:C:\Program Files\JetBrains\IntelliJ IDEA Community Edition 2018.3\lib\idea_rt.jar=57959:C:\Program Files\JetBrains\IntelliJ IDEA Community Edition 2018.3\bin -Dfile.encoding=UTF-8 
java_command: org.testng.RemoteTestNGStarter -usedefaultlisteners false -socket57958 @w@C:\Users\Максим\AppData\Local\Temp\idea_working_dirs_testng.tmp -temp C:\Users\Максим\AppData\Local\Temp\idea_testng.tmp
java_class_path (initial): C:\Program Files\JetBrains\IntelliJ IDEA Community Edition 2018.3\lib\idea_rt.jar;C:\Program Files\JetBrains\IntelliJ IDEA Community Edition 2018.3\plugins\testng\lib\testng-plugin.jar;C:\Users\Максим\Desktop\Instagram_5.0\target\test-classes;C:\Users\Максим\Desktop\Instagram_5.0\target\classes;C:\Users\Максим\Downloads\Jsoup jar\jsoup-1.12.1.jar;C:\Users\Максим\.m2\repository\org\seleniumhq\selenium\selenium-java\3.141.59\selenium-java-3.141.59.jar;C:\Users\Максим\.m2\repository\org\seleniumhq\selenium\selenium-api\3.141.59\selenium-api-3.141.59.jar;C:\Users\Максим\.m2\repository\org\seleniumhq\selenium\selenium-chrome-driver\3.141.59\selenium-chrome-driver-3.141.59.jar;C:\Users\Максим\.m2\repository\org\seleniumhq\selenium\selenium-edge-driver\3.141.59\selenium-edge-driver-3.141.59.jar;C:\Users\Максим\.m2\repository\org\seleniumhq\selenium\selenium-firefox-driver\3.141.59\selenium-firefox-driver-3.141.59.jar;C:\Users\Максим\.m2\repository\org\seleniumhq\selenium\selenium-ie-driver\3.141.59\selenium-ie-driver-3.141.59.jar;C:\Users\Максим\.m2\repository\org\seleniumhq\selenium\selenium-opera-driver\3.141.59\selenium-opera-driver-3.141.59.jar;C:\Users\Максим\.m2\repository\org\seleniumhq\selenium\selenium-remote-driver\3.141.59\selenium-remote-driver-3.141.59.jar;C:\Users\Максим\.m2\repository\org\seleniumhq\selenium\selenium-safari-driver\3.141.59\selenium-safari-driver-3.141.59.jar;C:\Users\Максим\.m2\repository\org\seleniumhq\selenium\selenium-support\3.141.59\selenium-support-3.141.59.jar;C:\Users\Максим\.m2\repository\net\bytebuddy\byte-buddy\1.8.15\byte-buddy-1.8.15.jar;C:\Users\Максим\.m2\repository\org\apache\commons\commons-exec\1.3\commons-exec-1.3.jar;C:\Users\Максим\.m2\repository\com\google\guava\guava\25.0-jre\guava-25.0-jre.jar;C:\Users\Максим\.m2\repository\com\google\code\findbugs\jsr305\1.3.9\jsr305-1.3.9.jar;C:\Users\Максим\.m2\repository\org\checkerframework\checker-compat-qual\2.0.0\checker-compat-qual-2.0.0.jar;C:\Us
Launcher Type: SUN_STANDARD

[Global flags]
     intx CICompilerCount                          = 4                                         {product} {ergonomic}
     uint ConcGCThreads                            = 2                                         {product} {ergonomic}
     uint G1ConcRefinementThreads                  = 8                                         {product} {ergonomic}
   size_t G1HeapRegionSize                         = 1048576                                   {product} {ergonomic}
    uintx GCDrainStackTargetSize                   = 64                                        {product} {ergonomic}
   size_t InitialHeapSize                          = 134217728                                 {product} {ergonomic}
   size_t MarkStackSize                            = 4194304                                   {product} {ergonomic}
   size_t MaxHeapSize                              = 2132803584                                {product} {ergonomic}
   size_t MaxNewSize                               = 1279262720                                {product} {ergonomic}
   size_t MinHeapDeltaBytes                        = 1048576                                   {product} {ergonomic}
    uintx NonNMethodCodeHeapSize                   = 5836300                                {pd product} {ergonomic}
    uintx NonProfiledCodeHeapSize                  = 122910970                              {pd product} {ergonomic}
    uintx ProfiledCodeHeapSize                     = 122910970                              {pd product} {ergonomic}
    uintx ReservedCodeCacheSize                    = 251658240                              {pd product} {ergonomic}
     bool SegmentedCodeCache                       = true                                      {product} {ergonomic}
     bool UseCompressedClassPointers               = true                                 {lp64_product} {ergonomic}
     bool UseCompressedOops                        = true                                 {lp64_product} {ergonomic}
     bool UseG1GC                                  = true                                      {product} {ergonomic}
     bool UseLargePagesIndividualAllocation        = false                                  {pd product} {ergonomic}

Logging:
Log output configuration:
 #0: stdout all=warning uptime,level,tags
 #1: stderr all=off uptime,level,tags

Environment Variables:
JAVA_HOME=C:\Program Files\Java\jdk-12.0.1
PATH=C:\Python27\;C:\Python27\Scripts;C:\Program Files (x86)\Cuminas\Document Express DjVu Plug-in\;C:\Windows\system32;C:\Windows;C:\Windows\System32\Wbem;C:\Windows\System32\WindowsPowerShell\v1.0\;C:\Windows\System32\OpenSSH\;C:\Program Files\Java\jdk-12.0.1\bin;C:\Program Files\nodejs\;C:\ProgramData\chocolatey\bin;C:\Program Files\MySQL\MySQL Shell 8.0\bin\;C:\Users\Максим\AppData\Local\Microsoft\WindowsApps;C:\Program Files\apache-maven-3.6.1\bin;C:\Users\Максим\AppData\Local\GitHubDesktop\bin;C:\Users\Максим\AppData\Local\Programs\Microsoft VS Code\bin;C:\Program Files\JetBrains\WebStorm 2019.3.1\bin;;C:\Users\Максим\AppData\Roaming\npm;C:\Program Files\JetBrains\DataGrip 2019.3.2\bin;
USERNAME=Максим
OS=Windows_NT
PROCESSOR_IDENTIFIER=Intel64 Family 6 Model 158 Stepping 9, GenuineIntel



---------------  S Y S T E M  ---------------

OS: Windows 10 , 64 bit Build 17763 (10.0.17763.475)

CPU:total 8 (initial active 8) (4 cores per cpu, 2 threads per core) family 6 model 158 stepping 9, cmov, cx8, fxsr, mmx, sse, sse2, sse3, ssse3, sse4.1, sse4.2, popcnt, avx, avx2, aes, clmul, erms, rtm, 3dnowpref, lzcnt, ht, tsc, tscinvbit, bmi1, bmi2, adx, fma

Memory: 4k page, system-wide physical 8131M (439M free)
TotalPageFile size 32707M (AvailPageFile size 0M)
current process WorkingSet (physical memory assigned to process): 65M, peak: 65M
current process commit charge ("private bytes"): 220M, peak: 220M

vm_info: Java HotSpot(TM) 64-Bit Server VM (12.0.1+12) for windows-amd64 JRE (12.0.1+12), built on Apr  2 2019 14:02:19 by "mach5one" with MS VC++ 15.5 (VS2017)

END.
